#
# There is insufficient memory for the Java Runtime Environment to continue.
# Native memory allocation (mmap) failed to map 100663296 bytes for committing reserved memory.
# Possible reasons:
#   The system is out of physical RAM or swap space
#   The process is running with CompressedOops enabled, and the Java Heap may be blocking the growth of the native heap
# Possible solutions:
#   Reduce memory load on the system
#   Increase physical memory or swap space
#   Check if swap backing store is full
#   Decrease Java heap size (-Xmx/-Xms)
#   Decrease number of Java threads
#   Decrease Java thread stack sizes (-Xss)
#   Set larger code cache with -XX:ReservedCodeCacheSize=
#   JVM is running with Unscaled Compressed Oops mode in which the Java heap is
#     placed in the first 4GB address space. The Java Heap base address is the
#     maximum limit for the native heap growth. Please use -XX:HeapBaseMinAddress
#     to set the Java Heap base and to place the Java Heap above 4GB virtual address.
# This output file may be truncated or incomplete.
#
#  Out of Memory Error (os_linux.cpp:2757), pid=18981, tid=0x00007f0bdebeb700
#
# JRE version: OpenJDK Runtime Environment (8.0_222-b10) (build 1.8.0_222-8u222-b10-1ubuntu1~18.04.1-b10)
# Java VM: OpenJDK 64-Bit Server VM (25.222-b10 mixed mode linux-amd64 compressed oops)
# Failed to write core dump. Core dumps have been disabled. To enable core dumping, try "ulimit -c unlimited" before starting Java again
#

---------------  T H R E A D  ---------------

Current thread (0x00007f0bfc1c8800):  VMThread [stack: 0x00007f0bdeaec000,0x00007f0bdebec000] [id=18995]

Stack: [0x00007f0bdeaec000,0x00007f0bdebec000],  sp=0x00007f0bdebea4a0,  free space=1017k
Native frames: (J=compiled Java code, j=interpreted, Vv=VM code, C=native code)
V  [libjvm.so+0xab8992]
V  [libjvm.so+0x4dbfd7]
V  [libjvm.so+0x8f33a0]
V  [libjvm.so+0x8ea46e]
V  [libjvm.so+0x96e106]
V  [libjvm.so+0x96f478]
V  [libjvm.so+0x96ba76]
V  [libjvm.so+0x96be0c]
V  [libjvm.so+0x91a5a8]
V  [libjvm.so+0xaba662]
V  [libjvm.so+0xabf1d6]
V  [libjvm.so+0xabd4d5]
V  [libjvm.so+0xabddad]
V  [libjvm.so+0xabe1b8]
V  [libjvm.so+0x8f0732]

VM_Operation (0x00007f0c04de3740): ParallelGCFailedAllocation, mode: safepoint, requested by thread 0x00007f0bfc00b000


---------------  P R O C E S S  ---------------

Java Threads: ( => current thread )
  0x00007f0b8c04e000 JavaThread "process reaper" daemon [_thread_blocked, id=19032, stack(0x00007f0bdd190000,0x00007f0bdd1c9000)]
  0x00007f0bfc2f4800 JavaThread "surefire-forkedjvm-ping-30s" daemon [_thread_blocked, id=19021, stack(0x00007f0bdd407000,0x00007f0bdd508000)]
  0x00007f0bfc2de000 JavaThread "surefire-forkedjvm-command-thread" daemon [_thread_in_native, id=19017, stack(0x00007f0bdd712000,0x00007f0bdd813000)]
  0x00007f0bfc224800 JavaThread "Service Thread" daemon [_thread_blocked, id=19015, stack(0x00007f0bdd914000,0x00007f0bdda15000)]
  0x00007f0bfc20f000 JavaThread "C1 CompilerThread3" daemon [_thread_blocked, id=19014, stack(0x00007f0bdda16000,0x00007f0bddb16000)]
  0x00007f0bfc20d000 JavaThread "C2 CompilerThread2" daemon [_thread_blocked, id=19013, stack(0x00007f0bddb17000,0x00007f0bddc17000)]
  0x00007f0bfc20b000 JavaThread "C2 CompilerThread1" daemon [_thread_blocked, id=19012, stack(0x00007f0bddc18000,0x00007f0bddd18000)]
  0x00007f0bfc208000 JavaThread "C2 CompilerThread0" daemon [_thread_blocked, id=19011, stack(0x00007f0bddd19000,0x00007f0bdde19000)]
  0x00007f0bfc206800 JavaThread "Signal Dispatcher" daemon [_thread_blocked, id=19010, stack(0x00007f0bdde19000,0x00007f0bddf1a000)]
  0x00007f0bfc1d4800 JavaThread "Finalizer" daemon [_thread_blocked, id=18999, stack(0x00007f0bde8e9000,0x00007f0bde9ea000)]
  0x00007f0bfc1d2000 JavaThread "Reference Handler" daemon [_thread_blocked, id=18998, stack(0x00007f0bde9ea000,0x00007f0bdeaeb000)]
  0x00007f0bfc00b000 JavaThread "main" [_thread_blocked, id=18986, stack(0x00007f0c04cea000,0x00007f0c04dea000)]

Other Threads:
=>0x00007f0bfc1c8800 VMThread [stack: 0x00007f0bdeaec000,0x00007f0bdebec000] [id=18995]
  0x00007f0bfc226800 WatcherThread [stack: 0x00007f0bdd814000,0x00007f0bdd914000] [id=19016]

VM state:at safepoint (normal execution)

VM Mutex/Monitor currently owned by a thread:  ([mutex/lock_event])
[0x00007f0bfc007af0] Threads_lock - owner thread: 0x00007f0bfc1c8800
[0x00007f0bfc007ff0] Heap_lock - owner thread: 0x00007f0bfc00b000

heap address: 0x0000000085400000, size: 1964 MB, Compressed Oops mode: 32-bit
Narrow klass base: 0x0000000000000000, Narrow klass shift: 3
Compressed class space size: 1073741824 Address: 0x0000000100000000

Heap:
 PSYoungGen      total 126464K, used 8688K [0x00000000d7180000, 0x00000000df900000, 0x0000000100000000)
  eden space 117760K, 0% used [0x00000000d7180000,0x00000000d7180000,0x00000000de480000)
  from space 8704K, 99% used [0x00000000de800000,0x00000000df07c280,0x00000000df080000)
  to   space 3584K, 0% used [0x00000000df580000,0x00000000df580000,0x00000000df900000)
 ParOldGen       total 48128K, used 10271K [0x0000000085400000, 0x0000000088300000, 0x00000000d7180000)
  object space 48128K, 21% used [0x0000000085400000,0x0000000085e07dc0,0x0000000088300000)
 Metaspace       used 29848K, capacity 30796K, committed 30848K, reserved 1077248K
  class space    used 3759K, capacity 3964K, committed 3968K, reserved 1048576K

Card table byte_map: [0x00007f0c00ea9000,0x00007f0c01280000] byte_map_base: 0x00007f0c00a7f000

Marking Bits: (ParMarkBitMap*) 0x00007f0c03f7f360
 Begin Bits: [0x00007f0be42a0000, 0x00007f0be6150000)
 End Bits:   [0x00007f0be6150000, 0x00007f0be8000000)

Polling page: 0x00007f0c04e00000

CodeCache: size=245760Kb used=10092Kb max_used=10092Kb free=235667Kb
 bounds [0x00007f0bed000000, 0x00007f0bed9f0000, 0x00007f0bfc000000]
 total_blobs=3265 nmethods=2855 adapters=324
 compilation: enabled

Compilation events (10 events):
Event: 6.633 Thread 0x00007f0bfc20f000 nmethod 2852 0x00007f0bed9d5010 code [0x00007f0bed9d5160, 0x00007f0bed9d5290]
Event: 6.635 Thread 0x00007f0bfc20d000 2853       4       org.springframework.beans.factory.support.AbstractBeanFactory::isTypeMatch (547 bytes)
Event: 6.635 Thread 0x00007f0bfc20b000 2854       4       org.springframework.util.ClassUtils::isAssignable (81 bytes)
Event: 6.637 Thread 0x00007f0bfc20f000 2855       3       java.util.concurrent.ConcurrentHashMap$BaseIterator::hasNext (13 bytes)
Event: 6.637 Thread 0x00007f0bfc20f000 nmethod 2855 0x00007f0bed9d4c90 code [0x00007f0bed9d4e00, 0x00007f0bed9d4fb0]
Event: 6.637 Thread 0x00007f0bfc208000 2856       4       java.lang.invoke.DirectMethodHandle::internalMemberName (8 bytes)
Event: 6.638 Thread 0x00007f0bfc20f000 2857       3       org.springframework.beans.factory.support.AbstractBeanFactory::getBean (9 bytes)
Event: 6.638 Thread 0x00007f0bfc20f000 nmethod 2857 0x00007f0bed9e00d0 code [0x00007f0bed9e0240, 0x00007f0bed9e0468]
Event: 6.639 Thread 0x00007f0bfc20f000 2858       1       sun.reflect.generics.reflectiveObjects.ParameterizedTypeImpl::getOwnerType (5 bytes)
Event: 6.639 Thread 0x00007f0bfc20f000 nmethod 2858 0x00007f0bed9e0510 code [0x00007f0bed9e0660, 0x00007f0bed9e0770]

GC Heap History (10 events):
Event: 4.080 GC heap after
Heap after GC invocations=3 (full 0):
 PSYoungGen      total 36864K, used 5093K [0x00000000d7180000, 0x00000000db980000, 0x0000000100000000)
  eden space 31744K, 0% used [0x00000000d7180000,0x00000000d7180000,0x00000000d9080000)
  from space 5120K, 99% used [0x00000000d9080000,0x00000000d95794e0,0x00000000d9580000)
  to   space 5120K, 0% used [0x00000000db480000,0x00000000db480000,0x00000000db980000)
 ParOldGen       total 84992K, used 254K [0x0000000085400000, 0x000000008a700000, 0x00000000d7180000)
  object space 84992K, 0% used [0x0000000085400000,0x000000008543fa08,0x000000008a700000)
 Metaspace       used 14865K, capacity 15274K, committed 15616K, reserved 1062912K
  class space    used 1823K, capacity 1943K, committed 2048K, reserved 1048576K
}
Event: 4.196 GC heap before
{Heap before GC invocations=4 (full 0):
 PSYoungGen      total 36864K, used 36837K [0x00000000d7180000, 0x00000000db980000, 0x0000000100000000)
  eden space 31744K, 100% used [0x00000000d7180000,0x00000000d9080000,0x00000000d9080000)
  from space 5120K, 99% used [0x00000000d9080000,0x00000000d95794e0,0x00000000d9580000)
  to   space 5120K, 0% used [0x00000000db480000,0x00000000db480000,0x00000000db980000)
 ParOldGen       total 84992K, used 254K [0x0000000085400000, 0x000000008a700000, 0x00000000d7180000)
  object space 84992K, 0% used [0x0000000085400000,0x000000008543fa08,0x000000008a700000)
 Metaspace       used 16593K, capacity 17032K, committed 17152K, reserved 1064960K
  class space    used 2126K, capacity 2278K, committed 2304K, reserved 1048576K
Event: 4.202 GC heap after
Heap after GC invocations=4 (full 0):
 PSYoungGen      total 68608K, used 5099K [0x00000000d7180000, 0x00000000db980000, 0x0000000100000000)
  eden space 63488K, 0% used [0x00000000d7180000,0x00000000d7180000,0x00000000daf80000)
  from space 5120K, 99% used [0x00000000db480000,0x00000000db97ac60,0x00000000db980000)
  to   space 5120K, 0% used [0x00000000daf80000,0x00000000daf80000,0x00000000db480000)
 ParOldGen       total 84992K, used 770K [0x0000000085400000, 0x000000008a700000, 0x00000000d7180000)
  object space 84992K, 0% used [0x0000000085400000,0x00000000854c0be8,0x000000008a700000)
 Metaspace       used 16593K, capacity 17032K, committed 17152K, reserved 1064960K
  class space    used 2126K, capacity 2278K, committed 2304K, reserved 1048576K
}
Event: 4.431 GC heap before
{Heap before GC invocations=5 (full 0):
 PSYoungGen      total 68608K, used 45860K [0x00000000d7180000, 0x00000000db980000, 0x0000000100000000)
  eden space 63488K, 64% used [0x00000000d7180000,0x00000000d994e408,0x00000000daf80000)
  from space 5120K, 99% used [0x00000000db480000,0x00000000db97ac60,0x00000000db980000)
  to   space 5120K, 0% used [0x00000000daf80000,0x00000000daf80000,0x00000000db480000)
 ParOldGen       total 84992K, used 770K [0x0000000085400000, 0x000000008a700000, 0x00000000d7180000)
  object space 84992K, 0% used [0x0000000085400000,0x00000000854c0be8,0x000000008a700000)
 Metaspace       used 20630K, capacity 21152K, committed 21248K, reserved 1067008K
  class space    used 2581K, capacity 2744K, committed 2816K, reserved 1048576K
Event: 4.443 GC heap after
Heap after GC invocations=5 (full 0):
 PSYoungGen      total 68608K, used 5117K [0x00000000d7180000, 0x00000000dfd80000, 0x0000000100000000)
  eden space 63488K, 0% used [0x00000000d7180000,0x00000000d7180000,0x00000000daf80000)
  from space 5120K, 99% used [0x00000000daf80000,0x00000000db47f5a0,0x00000000db480000)
  to   space 8192K, 0% used [0x00000000df580000,0x00000000df580000,0x00000000dfd80000)
 ParOldGen       total 84992K, used 4131K [0x0000000085400000, 0x000000008a700000, 0x00000000d7180000)
  object space 84992K, 4% used [0x0000000085400000,0x0000000085808f20,0x000000008a700000)
 Metaspace       used 20630K, capacity 21152K, committed 21248K, reserved 1067008K
  class space    used 2581K, capacity 2744K, committed 2816K, reserved 1048576K
}
Event: 4.443 GC heap before
{Heap before GC invocations=6 (full 1):
 PSYoungGen      total 68608K, used 5117K [0x00000000d7180000, 0x00000000dfd80000, 0x0000000100000000)
  eden space 63488K, 0% used [0x00000000d7180000,0x00000000d7180000,0x00000000daf80000)
  from space 5120K, 99% used [0x00000000daf80000,0x00000000db47f5a0,0x00000000db480000)
  to   space 8192K, 0% used [0x00000000df580000,0x00000000df580000,0x00000000dfd80000)
 ParOldGen       total 84992K, used 4131K [0x0000000085400000, 0x000000008a700000, 0x00000000d7180000)
  object space 84992K, 4% used [0x0000000085400000,0x0000000085808f20,0x000000008a700000)
 Metaspace       used 20630K, capacity 21152K, committed 21248K, reserved 1067008K
  class space    used 2581K, capacity 2744K, committed 2816K, reserved 1048576K
Event: 4.470 GC heap after
Heap after GC invocations=6 (full 1):
 PSYoungGen      total 68608K, used 0K [0x00000000d7180000, 0x00000000dfd80000, 0x0000000100000000)
  eden space 63488K, 0% used [0x00000000d7180000,0x00000000d7180000,0x00000000daf80000)
  from space 5120K, 0% used [0x00000000daf80000,0x00000000daf80000,0x00000000db480000)
  to   space 8192K, 0% used [0x00000000df580000,0x00000000df580000,0x00000000dfd80000)
 ParOldGen       total 48128K, used 8233K [0x0000000085400000, 0x0000000088300000, 0x00000000d7180000)
  object space 48128K, 17% used [0x0000000085400000,0x0000000085c0a548,0x0000000088300000)
 Metaspace       used 20630K, capacity 21152K, committed 21248K, reserved 1067008K
  class space    used 2581K, capacity 2744K, committed 2816K, reserved 1048576K
}
Event: 4.757 GC heap before
{Heap before GC invocations=7 (full 1):
 PSYoungGen      total 68608K, used 63488K [0x00000000d7180000, 0x00000000dfd80000, 0x0000000100000000)
  eden space 63488K, 100% used [0x00000000d7180000,0x00000000daf80000,0x00000000daf80000)
  from space 5120K, 0% used [0x00000000daf80000,0x00000000daf80000,0x00000000db480000)
  to   space 8192K, 0% used [0x00000000df580000,0x00000000df580000,0x00000000dfd80000)
 ParOldGen       total 48128K, used 8233K [0x0000000085400000, 0x0000000088300000, 0x00000000d7180000)
  object space 48128K, 17% used [0x0000000085400000,0x0000000085c0a548,0x0000000088300000)
 Metaspace       used 22801K, capacity 23434K, committed 23552K, reserved 1069056K
  class space    used 2879K, capacity 3039K, committed 3072K, reserved 1048576K
Event: 4.772 GC heap after
Heap after GC invocations=7 (full 1):
 PSYoungGen      total 121344K, used 3258K [0x00000000d7180000, 0x00000000df900000, 0x0000000100000000)
  eden space 117760K, 0% used [0x00000000d7180000,0x00000000d7180000,0x00000000de480000)
  from space 3584K, 90% used [0x00000000df580000,0x00000000df8aeb40,0x00000000df900000)
  to   space 8704K, 0% used [0x00000000de800000,0x00000000de800000,0x00000000df080000)
 ParOldGen       total 48128K, used 8241K [0x0000000085400000, 0x0000000088300000, 0x00000000d7180000)
  object space 48128K, 17% used [0x0000000085400000,0x0000000085c0c548,0x0000000088300000)
 Metaspace       used 22801K, capacity 23434K, committed 23552K, reserved 1069056K
  class space    used 2879K, capacity 3039K, committed 3072K, reserved 1048576K
}
Event: 6.647 GC heap before
{Heap before GC invocations=8 (full 1):
 PSYoungGen      total 121344K, used 121018K [0x00000000d7180000, 0x00000000df900000, 0x0000000100000000)
  eden space 117760K, 100% used [0x00000000d7180000,0x00000000de480000,0x00000000de480000)
  from space 3584K, 90% used [0x00000000df580000,0x00000000df8aeb40,0x00000000df900000)
  to   space 8704K, 0% used [0x00000000de800000,0x00000000de800000,0x00000000df080000)
 ParOldGen       total 48128K, used 8241K [0x0000000085400000, 0x0000000088300000, 0x00000000d7180000)
  object space 48128K, 17% used [0x0000000085400000,0x0000000085c0c548,0x0000000088300000)
 Metaspace       used 29848K, capacity 30796K, committed 30848K, reserved 1077248K
  class space    used 3759K, capacity 3964K, committed 3968K, reserved 1048576K

Deoptimization events (10 events):
Event: 6.253 Thread 0x00007f0bfc00b000 Uncommon trap: reason=class_check action=maybe_recompile pc=0x00007f0bed917e70 method=org.springframework.beans.factory.support.AbstractAutowireCapableBeanFactory.predictBeanType(Ljava/lang/String;Lorg/springframework/beans/factory/support/RootBeanDefinit
Event: 6.253 Thread 0x00007f0bfc00b000 Uncommon trap: reason=class_check action=maybe_recompile pc=0x00007f0bed917e70 method=org.springframework.beans.factory.support.AbstractAutowireCapableBeanFactory.predictBeanType(Ljava/lang/String;Lorg/springframework/beans/factory/support/RootBeanDefinit
Event: 6.253 Thread 0x00007f0bfc00b000 Uncommon trap: reason=class_check action=maybe_recompile pc=0x00007f0bed917e70 method=org.springframework.beans.factory.support.AbstractAutowireCapableBeanFactory.predictBeanType(Ljava/lang/String;Lorg/springframework/beans/factory/support/RootBeanDefinit
Event: 6.253 Thread 0x00007f0bfc00b000 Uncommon trap: reason=class_check action=maybe_recompile pc=0x00007f0bed917e70 method=org.springframework.beans.factory.support.AbstractAutowireCapableBeanFactory.predictBeanType(Ljava/lang/String;Lorg/springframework/beans/factory/support/RootBeanDefinit
Event: 6.473 Thread 0x00007f0bfc00b000 Uncommon trap: reason=unstable_if action=reinterpret pc=0x00007f0bed909a5c method=java.lang.reflect.Method.equals(Ljava/lang/Object;)Z @ 1
Event: 6.496 Thread 0x00007f0bfc00b000 Uncommon trap: reason=unstable_if action=reinterpret pc=0x00007f0bed8ba178 method=org.springframework.asm.MethodWriter.visitInsn(I)V @ 100
Event: 6.510 Thread 0x00007f0bfc00b000 Uncommon trap: reason=unstable_if action=reinterpret pc=0x00007f0bed8f048c method=org.springframework.util.ConcurrentReferenceHashMap$Segment.findInChain(Lorg/springframework/util/ConcurrentReferenceHashMap$Reference;Ljava/lang/Object;I)Lorg/springframewo
Event: 6.510 Thread 0x00007f0bfc00b000 Uncommon trap: reason=unstable_if action=reinterpret pc=0x00007f0bed798de8 method=org.springframework.util.ConcurrentReferenceHashMap$Segment.findInChain(Lorg/springframework/util/ConcurrentReferenceHashMap$Reference;Ljava/lang/Object;I)Lorg/springframewo
Event: 6.510 Thread 0x00007f0bfc00b000 Uncommon trap: reason=unstable_if action=reinterpret pc=0x00007f0bed7ce7d4 method=org.springframework.util.ConcurrentReferenceHashMap$Segment.findInChain(Lorg/springframework/util/ConcurrentReferenceHashMap$Reference;Ljava/lang/Object;I)Lorg/springframewo
Event: 6.625 Thread 0x00007f0bfc00b000 Uncommon trap: reason=unstable_if action=reinterpret pc=0x00007f0bed431b8c method=java.lang.ThreadLocal$ThreadLocalMap.getEntry(Ljava/lang/ThreadLocal;)Ljava/lang/ThreadLocal$ThreadLocalMap$Entry; @ 29

Classes redefined (0 events):
No events

Internal exceptions (10 events):
Event: 6.590 Thread 0x00007f0bfc00b000 Exception <a 'java/lang/ClassNotFoundException': org/springframework/beans/factory/AwareCustomizer> (0x00000000de2cb2f8) thrown at [/build/openjdk-8-OqY7zN/openjdk-8-8u222-b10/src/hotspot/src/share/vm/classfile/systemDictionary.cpp, line 210]
Event: 6.591 Thread 0x00007f0bfc00b000 Exception <a 'java/lang/ClassNotFoundException': org/springframework/beans/factory/BeanClassLoaderAwareCustomizer> (0x00000000de2e85e0) thrown at [/build/openjdk-8-OqY7zN/openjdk-8-8u222-b10/src/hotspot/src/share/vm/classfile/systemDictionary.cpp, line 21
Event: 6.591 Thread 0x00007f0bfc00b000 Exception <a 'java/lang/ClassNotFoundException': org/springframework/beans/factory/AwareCustomizer> (0x00000000de301d78) thrown at [/build/openjdk-8-OqY7zN/openjdk-8-8u222-b10/src/hotspot/src/share/vm/classfile/systemDictionary.cpp, line 210]
Event: 6.628 Thread 0x00007f0bfc00b000 Exception <a 'java/lang/ClassNotFoundException': java/lang/ObjectCustomizer> (0x00000000de38e3b0) thrown at [/build/openjdk-8-OqY7zN/openjdk-8-8u222-b10/src/hotspot/src/share/vm/classfile/systemDictionary.cpp, line 210]
Event: 6.628 Thread 0x00007f0bfc00b000 Exception <a 'java/lang/ClassNotFoundException': org/springframework/boot/devtools/autoconfigure/DevToolsDataSourceAutoConfigurationCustomizer> (0x00000000de3b8c40) thrown at [/build/openjdk-8-OqY7zN/openjdk-8-8u222-b10/src/hotspot/src/share/vm/classfile/
Event: 6.629 Thread 0x00007f0bfc00b000 Exception <a 'java/lang/ClassNotFoundException': org/springframework/boot/devtools/autoconfigure/DevToolsDataSourceAutoConfiguration$$EnhancerBySpringCGLIB$$da76d807Customizer> (0x00000000de3eb0c8) thrown at [/build/openjdk-8-OqY7zN/openjdk-8-8u222-b10/sr
Event: 6.630 Thread 0x00007f0bfc00b000 Exception <a 'java/lang/ClassNotFoundException': org/springframework/context/annotation/ConfigurationClassEnhancer$EnhancedConfigurationCustomizer> (0x00000000de418e60) thrown at [/build/openjdk-8-OqY7zN/openjdk-8-8u222-b10/src/hotspot/src/share/vm/classf
Event: 6.631 Thread 0x00007f0bfc00b000 Exception <a 'java/lang/ClassNotFoundException': org/springframework/beans/factory/BeanFactoryAwareCustomizer> (0x00000000de435708) thrown at [/build/openjdk-8-OqY7zN/openjdk-8-8u222-b10/src/hotspot/src/share/vm/classfile/systemDictionary.cpp, line 210]
Event: 6.631 Thread 0x00007f0bfc00b000 Exception <a 'java/lang/ClassNotFoundException': org/springframework/beans/factory/AwareCustomizer> (0x00000000de44f7d0) thrown at [/build/openjdk-8-OqY7zN/openjdk-8-8u222-b10/src/hotspot/src/share/vm/classfile/systemDictionary.cpp, line 210]
Event: 6.639 Thread 0x00007f0bfc00b000 Exception <a 'java/lang/ClassNotFoundException': java/lang/ObjectCustomizer> (0x00000000de4655b0) thrown at [/build/openjdk-8-OqY7zN/openjdk-8-8u222-b10/src/hotspot/src/share/vm/classfile/systemDictionary.cpp, line 210]

Events (10 events):
Event: 6.631 loading class org/springframework/beans/factory/AwareCustomizer done
Event: 6.638 loading class java/lang/ObjectCustomizer
Event: 6.638 loading class java/lang/ObjectCustomizer done
Event: 6.639 loading class java/lang/ObjectCustomizer
Event: 6.639 loading class java/lang/ObjectCustomizer done
Event: 6.639 loading class org/springframework/boot/autoconfigure/jdbc/DataSourceConfiguration$HikariCustomizer
Event: 6.639 loading class org/springframework/boot/autoconfigure/jdbc/DataSourceConfiguration$HikariCustomizer done
Event: 6.639 loading class org/springframework/boot/autoconfigure/jdbc/DataSourceConfiguration$HikariCustomizer
Event: 6.639 loading class org/springframework/boot/autoconfigure/jdbc/DataSourceConfiguration$HikariCustomizer done
Event: 6.639 Executing VM operation: ParallelGCFailedAllocation


Dynamic libraries:
85400000-88300000 rw-p 00000000 00:00 0 
88300000-d7180000 ---p 00000000 00:00 0 
d7180000-df900000 rw-p 00000000 00:00 0 
e5900000-100000000 ---p 00000000 00:00 0 
100000000-1003e0000 rw-p 00000000 00:00 0 
1003e0000-140000000 ---p 00000000 00:00 0 
5571ce673000-5571ce674000 r-xp 00000000 08:02 11013073                   /usr/lib/jvm/java-8-openjdk-amd64/jre/bin/java
5571ce873000-5571ce874000 r--p 00000000 08:02 11013073                   /usr/lib/jvm/java-8-openjdk-amd64/jre/bin/java
5571ce874000-5571ce875000 rw-p 00001000 08:02 11013073                   /usr/lib/jvm/java-8-openjdk-amd64/jre/bin/java
5571cfaff000-5571cfb20000 rw-p 00000000 00:00 0                          [heap]
7f0b78000000-7f0b78037000 rw-p 00000000 00:00 0 
7f0b78037000-7f0b7c000000 ---p 00000000 00:00 0 
7f0b80000000-7f0b80021000 rw-p 00000000 00:00 0 
7f0b80021000-7f0b84000000 ---p 00000000 00:00 0 
7f0b84000000-7f0b844b2000 rw-p 00000000 00:00 0 
7f0b844b2000-7f0b88000000 ---p 00000000 00:00 0 
7f0b88000000-7f0b88021000 rw-p 00000000 00:00 0 
7f0b88021000-7f0b8c000000 ---p 00000000 00:00 0 
7f0b8c000000-7f0b8c098000 rw-p 00000000 00:00 0 
7f0b8c098000-7f0b90000000 ---p 00000000 00:00 0 
7f0b90000000-7f0b90021000 rw-p 00000000 00:00 0 
7f0b90021000-7f0b94000000 ---p 00000000 00:00 0 
7f0b94000000-7f0b94021000 rw-p 00000000 00:00 0 
7f0b94021000-7f0b98000000 ---p 00000000 00:00 0 
7f0b98000000-7f0b98918000 rw-p 00000000 00:00 0 
7f0b98918000-7f0b9c000000 ---p 00000000 00:00 0 
7f0b9c000000-7f0b9c94d000 rw-p 00000000 00:00 0 
7f0b9c94d000-7f0ba0000000 ---p 00000000 00:00 0 
7f0ba0000000-7f0ba0d27000 rw-p 00000000 00:00 0 
7f0ba0d27000-7f0ba4000000 ---p 00000000 00:00 0 
7f0ba4000000-7f0ba4aba000 rw-p 00000000 00:00 0 
7f0ba4aba000-7f0ba8000000 ---p 00000000 00:00 0 
7f0ba8000000-7f0ba8021000 rw-p 00000000 00:00 0 
7f0ba8021000-7f0bac000000 ---p 00000000 00:00 0 
7f0bac000000-7f0bac021000 rw-p 00000000 00:00 0 
7f0bac021000-7f0bb0000000 ---p 00000000 00:00 0 
7f0bb0000000-7f0bb0021000 rw-p 00000000 00:00 0 
7f0bb0021000-7f0bb4000000 ---p 00000000 00:00 0 
7f0bb4000000-7f0bb4021000 rw-p 00000000 00:00 0 
7f0bb4021000-7f0bb8000000 ---p 00000000 00:00 0 
7f0bb8000000-7f0bb8021000 rw-p 00000000 00:00 0 
7f0bb8021000-7f0bbc000000 ---p 00000000 00:00 0 
7f0bbc000000-7f0bbc021000 rw-p 00000000 00:00 0 
7f0bbc021000-7f0bc0000000 ---p 00000000 00:00 0 
7f0bc0000000-7f0bc0021000 rw-p 00000000 00:00 0 
7f0bc0021000-7f0bc4000000 ---p 00000000 00:00 0 
7f0bc8000000-7f0bc8021000 rw-p 00000000 00:00 0 
7f0bc8021000-7f0bcc000000 ---p 00000000 00:00 0 
7f0bd0000000-7f0bd0021000 rw-p 00000000 00:00 0 
7f0bd0021000-7f0bd4000000 ---p 00000000 00:00 0 
7f0bd759c000-7f0bd75dc000 rw-p 00000000 00:00 0 
7f0bd75dc000-7f0bd779c000 ---p 00000000 00:00 0 
7f0bd779c000-7f0bd799c000 rw-p 00000000 00:00 0 
7f0bd7a00000-7f0bd7c00000 rw-p 00000000 00:00 0 
7f0bd7c00000-7f0bd7e00000 rw-p 00000000 00:00 0 
7f0bd7e00000-7f0bd8000000 rw-p 00000000 00:00 0 
7f0bd8000000-7f0bd8021000 rw-p 00000000 00:00 0 
7f0bd8021000-7f0bdc000000 ---p 00000000 00:00 0 
7f0bdc165000-7f0bdc168000 ---p 00000000 00:00 0 
7f0bdc168000-7f0bdc466000 rw-p 00000000 00:00 0 
7f0bdc466000-7f0bdc666000 rw-p 00000000 00:00 0 
7f0bdc666000-7f0bdc866000 rw-p 00000000 00:00 0 
7f0bdc866000-7f0bdc869000 ---p 00000000 00:00 0 
7f0bdc869000-7f0bdcb67000 rw-p 00000000 00:00 0 
7f0bdcb67000-7f0bdcb7d000 r-xp 00000000 08:02 11013112                   /usr/lib/jvm/java-8-openjdk-amd64/jre/lib/amd64/libnet.so
7f0bdcb7d000-7f0bdcd7c000 ---p 00016000 08:02 11013112                   /usr/lib/jvm/java-8-openjdk-amd64/jre/lib/amd64/libnet.so
7f0bdcd7c000-7f0bdcd7d000 r--p 00015000 08:02 11013112                   /usr/lib/jvm/java-8-openjdk-amd64/jre/lib/amd64/libnet.so
7f0bdcd7d000-7f0bdcd7e000 rw-p 00016000 08:02 11013112                   /usr/lib/jvm/java-8-openjdk-amd64/jre/lib/amd64/libnet.so
7f0bdcd7e000-7f0bdcd8f000 r-xp 00000000 08:02 11013113                   /usr/lib/jvm/java-8-openjdk-amd64/jre/lib/amd64/libnio.so
7f0bdcd8f000-7f0bdcf8e000 ---p 00011000 08:02 11013113                   /usr/lib/jvm/java-8-openjdk-amd64/jre/lib/amd64/libnio.so
7f0bdcf8e000-7f0bdcf8f000 r--p 00010000 08:02 11013113                   /usr/lib/jvm/java-8-openjdk-amd64/jre/lib/amd64/libnio.so
7f0bdcf8f000-7f0bdcf90000 rw-p 00011000 08:02 11013113                   /usr/lib/jvm/java-8-openjdk-amd64/jre/lib/amd64/libnio.so
7f0bdcf90000-7f0bdd190000 rw-p 00000000 00:00 0 
7f0bdd190000-7f0bdd193000 ---p 00000000 00:00 0 
7f0bdd193000-7f0bdd1c9000 rw-p 00000000 00:00 0 
7f0bdd1c9000-7f0bdd1cc000 r--s 00012000 08:02 5376353                    /home/user/.m2/repository/org/apache/maven/surefire/surefire-junit4/2.22.2/surefire-junit4-2.22.2.jar
7f0bdd1cc000-7f0bdd1d1000 r--s 00025000 08:02 4196137                    /home/user/.m2/repository/org/xmlunit/xmlunit-core/2.6.3/xmlunit-core-2.6.3.jar
7f0bdd1d1000-7f0bdd1df000 r--s 0008a000 08:02 4328507                    /home/user/.m2/repository/org/springframework/spring-test/5.1.10.RELEASE/spring-test-5.1.10.RELEASE.jar
7f0bdd1df000-7f0bdd1e0000 r--s 00005000 08:02 4328472                    /home/user/.m2/repository/org/springframework/spring-jcl/5.1.10.RELEASE/spring-jcl-5.1.10.RELEASE.jar
7f0bdd1e0000-7f0bdd1f9000 r--s 00125000 08:02 4328468                    /home/user/.m2/repository/org/springframework/spring-core/5.1.10.RELEASE/spring-core-5.1.10.RELEASE.jar
7f0bdd1f9000-7f0bdd1fa000 r--s 00004000 08:02 5244871                    /home/user/.m2/repository/com/vaadin/external/google/android-json/0.0.20131108.vaadin1/android-json-0.0.20131108.vaadin1.jar
7f0bdd1fa000-7f0bdd1fc000 r--s 00006000 08:02 4196133                    /home/user/.m2/repository/org/skyscreamer/jsonassert/1.5.0/jsonassert-1.5.0.jar
7f0bdd1fc000-7f0bdd1fd000 r--s 0000c000 08:02 5244869                    /home/user/.m2/repository/org/hamcrest/hamcrest-library/1.3/hamcrest-library-1.3.jar
7f0bdd1fd000-7f0bdd1ff000 r--s 00009000 08:02 4982690                    /home/user/.m2/repository/org/hamcrest/hamcrest-core/1.3/hamcrest-core-1.3.jar
7f0bdd1ff000-7f0bdd201000 r--s 0000c000 08:02 4065228                    /home/user/.m2/repository/org/objenesis/objenesis/2.6/objenesis-2.6.jar
7f0bdd201000-7f0bdd204000 r--s 0003a000 08:02 5244867                    /home/user/.m2/repository/net/bytebuddy/byte-buddy-agent/1.9.16/byte-buddy-agent-1.9.16.jar
7f0bdd204000-7f0bdd214000 r--s 0007a000 08:02 4065226                    /home/user/.m2/repository/org/mockito/mockito-core/2.23.4/mockito-core-2.23.4.jar
7f0bdd214000-7f0bdd26f000 r--s 0038b000 08:02 4065224                    /home/user/.m2/repository/org/assertj/assertj-core/3.11.1/assertj-core-3.11.1.jar
7f0bdd26f000-7f0bdd277000 r--s 00045000 08:02 4590628                    /home/user/.m2/repository/junit/junit/4.12/junit-4.12.jar
7f0bdd277000-7f0bdd279000 r--s 0000c000 08:02 5113809                    /home/user/.m2/repository/org/ow2/asm/asm/5.0.4/asm-5.0.4.jar
7f0bdd279000-7f0bdd27b000 r--s 00006000 08:02 5113807                    /home/user/.m2/repository/net/minidev/accessors-smart/1.2/accessors-smart-1.2.jar
7f0bdd27b000-7f0bdd27e000 r--s 0001b000 08:02 5113805                    /home/user/.m2/repository/net/minidev/json-smart/2.3/json-smart-2.3.jar
7f0bdd27e000-7f0bdd284000 r--s 00031000 08:02 5113803                    /home/user/.m2/repository/com/jayway/jsonpath/json-path/2.4.0/json-path-2.4.0.jar
7f0bdd284000-7f0bdd28b000 r--s 00024000 08:02 5114663                    /home/user/.m2/repository/org/springframework/boot/spring-boot-test-autoconfigure/2.1.9.RELEASE/spring-boot-test-autoconfigure-2.1.9.RELEASE.jar
7f0bdd28b000-7f0bdd291000 r--s 0002b000 08:02 4721818                    /home/user/.m2/repository/org/springframework/boot/spring-boot-test/2.1.9.RELEASE/spring-boot-test-2.1.9.RELEASE.jar
7f0bdd291000-7f0bdd292000 r--s 00000000 08:02 4721816                    /home/user/.m2/repository/org/springframework/boot/spring-boot-starter-test/2.1.9.RELEASE/spring-boot-starter-test-2.1.9.RELEASE.jar
7f0bdd292000-7f0bdd2aa000 r--s 0021f000 08:02 5113797                    /home/user/.m2/repository/mysql/mysql-connector-java/8.0.17/mysql-connector-java-8.0.17.jar
7f0bdd2aa000-7f0bdd2ce000 r--s 00113000 08:02 4721814                    /home/user/.m2/repository/org/springframework/boot/spring-boot-autoconfigure/2.1.9.RELEASE/spring-boot-autoconfigure-2.1.9.RELEASE.jar
7f0bdd2ce000-7f0bdd2e3000 r--s 000d5000 08:02 4721812                    /home/user/.m2/repository/org/springframework/boot/spring-boot/2.1.9.RELEASE/spring-boot-2.1.9.RELEASE.jar
7f0bdd2e3000-7f0bdd2e9000 r--s 0002e000 08:02 4721810                    /home/user/.m2/repository/org/springframework/boot/spring-boot-devtools/2.1.9.RELEASE/spring-boot-devtools-2.1.9.RELEASE.jar
7f0bdd2e9000-7f0bdd2ee000 r--s 00040000 08:02 4328466                    /home/user/.m2/repository/org/springframework/spring-expression/5.1.10.RELEASE/spring-expression-5.1.10.RELEASE.jar
7f0bdd2ee000-7f0bdd2fd000 r--s 000b5000 08:02 4721808                    /home/user/.m2/repository/org/springframework/spring-webmvc/5.1.10.RELEASE/spring-webmvc-5.1.10.RELEASE.jar
7f0bdd2fd000-7f0bdd319000 r--s 00138000 08:02 4721806                    /home/user/.m2/repository/org/springframework/spring-web/5.1.10.RELEASE/spring-web-5.1.10.RELEASE.jar
7f0bdd319000-7f0bdd31e000 r--s 00012000 08:02 4719117                    /home/user/.m2/repository/javax/validation/validation-api/2.0.1.Final/validation-api-2.0.1.Final.jar
7f0bdd31e000-7f0bdd33b000 r--s 000fe000 08:02 4982824                    /home/user/.m2/repository/org/hibernate/validator/hibernate-validator/6.0.17.Final/hibernate-validator-6.0.17.Final.jar
7f0bdd33b000-7f0bdd340000 r--s 0003c000 08:02 4721804                    /home/user/.m2/repository/org/apache/tomcat/embed/tomcat-embed-websocket/9.0.26/tomcat-embed-websocket-9.0.26.jar
7f0bdd340000-7f0bdd345000 r--s 00039000 08:02 4721802                    /home/user/.m2/repository/org/apache/tomcat/embed/tomcat-embed-el/9.0.26/tomcat-embed-el-9.0.26.jar
7f0bdd345000-7f0bdd371000 r--s 0030a000 08:02 4721800                    /home/user/.m2/repository/org/apache/tomcat/embed/tomcat-embed-core/9.0.26/tomcat-embed-core-9.0.26.jar
7f0bdd371000-7f0bdd372000 r--s 00000000 08:02 4721798                    /home/user/.m2/repository/org/springframework/boot/spring-boot-starter-tomcat/2.1.9.RELEASE/spring-boot-starter-tomcat-2.1.9.RELEASE.jar
7f0bdd372000-7f0bdd374000 r--s 00001000 08:02 4982814                    /home/user/.m2/repository/com/fasterxml/jackson/module/jackson-module-parameter-names/2.9.9/jackson-module-parameter-names-2.9.9.jar
7f0bdd374000-7f0bdd377000 r--s 00016000 08:02 4982812                    /home/user/.m2/repository/com/fasterxml/jackson/datatype/jackson-datatype-jsr310/2.9.9/jackson-datatype-jsr310-2.9.9.jar
7f0bdd377000-7f0bdd379000 r--s 00007000 08:02 4982810                    /home/user/.m2/repository/com/fasterxml/jackson/datatype/jackson-datatype-jdk8/2.9.9/jackson-datatype-jdk8-2.9.9.jar
7f0bdd379000-7f0bdd37d000 r--s 0004c000 08:02 4590976                    /home/user/.m2/repository/com/fasterxml/jackson/core/jackson-core/2.9.9/jackson-core-2.9.9.jar
7f0bdd37d000-7f0bdd380000 r--s 0000e000 08:02 4590345                    /home/user/.m2/repository/com/fasterxml/jackson/core/jackson-annotations/2.9.0/jackson-annotations-2.9.0.jar
7f0bdd380000-7f0bdd393000 r--s 00137000 08:02 4590974                    /home/user/.m2/repository/com/fasterxml/jackson/core/jackson-databind/2.9.9.3/jackson-databind-2.9.9.3.jar
7f0bdd393000-7f0bdd394000 r--s 00000000 08:02 4721796                    /home/user/.m2/repository/org/springframework/boot/spring-boot-starter-json/2.1.9.RELEASE/spring-boot-starter-json-2.1.9.RELEASE.jar
7f0bdd394000-7f0bdd39b000 r--s 00043000 08:02 4720784                    /home/user/.m2/repository/org/yaml/snakeyaml/1.23/snakeyaml-1.23.jar
7f0bdd39b000-7f0bdd39d000 r--s 00005000 08:02 4719095                    /home/user/.m2/repository/javax/annotation/javax.annotation-api/1.3.2/javax.annotation-api-1.3.2.jar
7f0bdd39d000-7f0bdd39f000 r--s 00000000 08:02 4720782                    /home/user/.m2/repository/org/slf4j/jul-to-slf4j/1.7.28/jul-to-slf4j-1.7.28.jar
7f0bdd39f000-7f0bdd3a5000 r--s 0003c000 08:02 4720780                    /home/user/.m2/repository/org/apache/logging/log4j/log4j-api/2.11.2/log4j-api-2.11.2.jar
7f0bdd3a5000-7f0bdd3a7000 r--s 00003000 08:02 4720778                    /home/user/.m2/repository/org/apache/logging/log4j/log4j-to-slf4j/2.11.2/log4j-to-slf4j-2.11.2.jar
7f0bdd3a7000-7f0bdd3b2000 r--s 00069000 08:02 4719087                    /home/user/.m2/repository/ch/qos/logback/logback-core/1.2.3/logback-core-1.2.3.jar
7f0bdd3b2000-7f0bdd3b8000 r--s 00041000 08:02 4719085                    /home/user/.m2/repository/ch/qos/logback/logback-classic/1.2.3/logback-classic-1.2.3.jar
7f0bdd3b8000-7f0bdd3b9000 r--s 00000000 08:02 4721794                    /home/user/.m2/repository/org/springframework/boot/spring-boot-starter-logging/2.1.9.RELEASE/spring-boot-starter-logging-2.1.9.RELEASE.jar
7f0bdd3b9000-7f0bdd3ba000 r--s 00000000 08:02 4721792                    /home/user/.m2/repository/org/springframework/boot/spring-boot-starter/2.1.9.RELEASE/spring-boot-starter-2.1.9.RELEASE.jar
7f0bdd3ba000-7f0bdd3bb000 r--s 00000000 08:02 4721790                    /home/user/.m2/repository/org/springframework/boot/spring-boot-starter-web/2.1.9.RELEASE/spring-boot-starter-web-2.1.9.RELEASE.jar
7f0bdd3bb000-7f0bdd3bd000 r--s 0000a000 08:02 4721788                    /home/user/.m2/repository/org/springframework/spring-aspects/5.1.10.RELEASE/spring-aspects-5.1.10.RELEASE.jar
7f0bdd3bd000-7f0bdd3bf000 r--s 00009000 08:02 4590972                    /home/user/.m2/repository/org/slf4j/slf4j-api/1.7.28/slf4j-api-1.7.28.jar
7f0bdd3bf000-7f0bdd3cb000 r--s 00099000 08:02 4328464                    /home/user/.m2/repository/org/springframework/spring-beans/5.1.10.RELEASE/spring-beans-5.1.10.RELEASE.jar
7f0bdd3cb000-7f0bdd3e5000 r--s 000f4000 08:02 4328462                    /home/user/.m2/repository/org/springframework/spring-context/5.1.10.RELEASE/spring-context-5.1.10.RELEASE.jar
7f0bdd3e5000-7f0bdd3fe000 r--s 00107000 08:02 4721782                    /home/user/.m2/repository/org/springframework/data/spring-data-commons/2.1.11.RELEASE/spring-data-commons-2.1.11.RELEASE.jar
7f0bdd3fe000-7f0bdd407000 r--s 00050000 08:02 4721780                    /home/user/.m2/repository/org/springframework/data/spring-data-jpa/2.1.11.RELEASE/spring-data-jpa-2.1.11.RELEASE.jar
7f0bdd407000-7f0bdd40a000 ---p 00000000 00:00 0 
7f0bdd40a000-7f0bdd508000 rw-p 00000000 00:00 0 
7f0bdd508000-7f0bdd511000 r-xp 00000000 08:02 11013110                   /usr/lib/jvm/java-8-openjdk-amd64/jre/lib/amd64/libmanagement.so
7f0bdd511000-7f0bdd710000 ---p 00009000 08:02 11013110                   /usr/lib/jvm/java-8-openjdk-amd64/jre/lib/amd64/libmanagement.so
7f0bdd710000-7f0bdd711000 r--p 00008000 08:02 11013110                   /usr/lib/jvm/java-8-openjdk-amd64/jre/lib/amd64/libmanagement.so
7f0bdd711000-7f0bdd712000 rw-p 00009000 08:02 11013110                   /usr/lib/jvm/java-8-openjdk-amd64/jre/lib/amd64/libmanagement.so
7f0bdd712000-7f0bdd715000 ---p 00000000 00:00 0 
7f0bdd715000-7f0bdd813000 rw-p 00000000 00:00 0 
7f0bdd813000-7f0bdd814000 ---p 00000000 00:00 0 
7f0bdd814000-7f0bdd914000 rw-p 00000000 00:00 0 
7f0bdd914000-7f0bdd917000 ---p 00000000 00:00 0 
7f0bdd917000-7f0bdda15000 rw-p 00000000 00:00 0 
7f0bdda15000-7f0bdda16000 ---p 00000000 00:00 0 
7f0bdda16000-7f0bdda19000 ---p 00000000 00:00 0 
7f0bdda19000-7f0bddb16000 rw-p 00000000 00:00 0 
7f0bddb16000-7f0bddb17000 ---p 00000000 00:00 0 
7f0bddb17000-7f0bddb1a000 ---p 00000000 00:00 0 
7f0bddb1a000-7f0bddc17000 rw-p 00000000 00:00 0 
7f0bddc17000-7f0bddc18000 ---p 00000000 00:00 0 
7f0bddc18000-7f0bddc1b000 ---p 00000000 00:00 0 
7f0bddc1b000-7f0bddd18000 rw-p 00000000 00:00 0 
7f0bddd18000-7f0bddd19000 ---p 00000000 00:00 0 
7f0bddd19000-7f0bddd1c000 ---p 00000000 00:00 0 
7f0bddd1c000-7f0bdde19000 rw-p 00000000 00:00 0 
7f0bdde19000-7f0bdde1c000 ---p 00000000 00:00 0 
7f0bdde1c000-7f0bddf1a000 rw-p 00000000 00:00 0 
7f0bddf1a000-7f0bde8e9000 r--p 00000000 08:02 11016815                   /usr/lib/locale/locale-archive
7f0bde8e9000-7f0bde8ec000 ---p 00000000 00:00 0 
7f0bde8ec000-7f0bde9ea000 rw-p 00000000 00:00 0 
7f0bde9ea000-7f0bde9ed000 ---p 00000000 00:00 0 
7f0bde9ed000-7f0bdeaeb000 rw-p 00000000 00:00 0 
7f0bdeaeb000-7f0bdeaec000 ---p 00000000 00:00 0 
7f0bdeaec000-7f0be0000000 rw-p 00000000 00:00 0 
7f0be0000000-7f0be0021000 rw-p 00000000 00:00 0 
7f0be0021000-7f0be4000000 ---p 00000000 00:00 0 
7f0be4000000-7f0be4008000 r--s 00037000 08:02 4721786                    /home/user/.m2/repository/org/springframework/spring-tx/5.1.10.RELEASE/spring-tx-5.1.10.RELEASE.jar
7f0be4008000-7f0be401c000 r--s 000f7000 08:02 8783932                    /home/user/.m2/repository/org/glassfish/jaxb/jaxb-runtime/2.3.1/jaxb-runtime-2.3.1.jar
7f0be401c000-7f0be409e000 r--s 0062c000 08:02 4721778                    /home/user/.m2/repository/org/hibernate/hibernate-core/5.3.12.Final/hibernate-core-5.3.12.Final.jar
7f0be409e000-7f0be8000000 rw-p 00000000 00:00 0 
7f0be8000000-7f0be8021000 rw-p 00000000 00:00 0 
7f0be8021000-7f0bec000000 ---p 00000000 00:00 0 
7f0bec000000-7f0bec004000 r--s 0002d000 08:02 4721784                    /home/user/.m2/repository/org/springframework/spring-orm/5.1.10.RELEASE/spring-orm-5.1.10.RELEASE.jar
7f0bec004000-7f0bec00a000 r--s 00047000 08:02 9963150                    /home/user/.m2/repository/com/sun/xml/fastinfoset/FastInfoset/1.2.15/FastInfoset-1.2.15.jar
7f0bec00a000-7f0bec00b000 r--s 00008000 08:02 9963148                    /home/user/.m2/repository/org/jvnet/staxex/stax-ex/1.8/stax-ex-1.8.jar
7f0bec00b000-7f0bec00d000 r--s 00005000 08:02 9963146                    /home/user/.m2/repository/com/sun/istack/istack-commons-runtime/3.0.7/istack-commons-runtime-3.0.7.jar
7f0bec00d000-7f0bec010000 r--s 0000f000 08:02 9963144                    /home/user/.m2/repository/org/glassfish/jaxb/txw2/2.3.1/txw2-2.3.1.jar
7f0bec010000-7f0bec013000 r--s 00010000 08:02 4982796                    /home/user/.m2/repository/org/hibernate/common/hibernate-commons-annotations/5.0.4.Final/hibernate-commons-annotations-5.0.4.Final.jar
7f0bec013000-7f0bec018000 r--s 0004b000 08:02 4065222                    /home/user/.m2/repository/org/dom4j/dom4j/2.1.1/dom4j-2.1.1.jar
7f0bec018000-7f0bec01a000 r--s 0000f000 08:02 4851350                    /home/user/.m2/repository/com/fasterxml/classmate/1.4.0/classmate-1.4.0.jar
7f0bec01a000-7f0bec01d000 r--s 0002b000 08:02 4851348                    /home/user/.m2/repository/org/jboss/jandex/2.0.5.Final/jandex-2.0.5.Final.jar
7f0bec01d000-7f0bec022000 r--s 00068000 08:02 4719149                    /home/user/.m2/repository/antlr/antlr/2.7.7/antlr-2.7.7.jar
7f0bec022000-7f0bec06a000 r--s 002de000 08:02 4851346                    /home/user/.m2/repository/net/bytebuddy/byte-buddy/1.9.16/byte-buddy-1.9.16.jar
7f0bec06a000-7f0bec075000 r--s 000b2000 08:02 4851344                    /home/user/.m2/repository/org/javassist/javassist/3.23.2-GA/javassist-3.23.2-GA.jar
7f0bec075000-7f0bec07b000 r--s 00023000 08:02 4590970                    /home/user/.m2/repository/javax/persistence/javax.persistence-api/2.2/javax.persistence-api-2.2.jar
7f0bec07b000-7f0bec07d000 r--s 0000f000 08:02 4851342                    /home/user/.m2/repository/org/jboss/logging/jboss-logging/3.3.3.Final/jboss-logging-3.3.3.Final.jar
7f0bec07d000-7f0bec07f000 r--s 0000c000 08:02 4851338                    /home/user/.m2/repository/javax/activation/javax.activation-api/1.2.0/javax.activation-api-1.2.0.jar
7f0bec07f000-7f0bec083000 r--s 0001c000 08:02 4590968                    /home/user/.m2/repository/javax/xml/bind/jaxb-api/2.3.1/jaxb-api-2.3.1.jar
7f0bec083000-7f0bec084000 r--s 00006000 08:02 4851336                    /home/user/.m2/repository/javax/transaction/javax.transaction-api/1.3/javax.transaction-api-1.3.jar
7f0bec084000-7f0bec08d000 r--s 0005a000 08:02 4721776                    /home/user/.m2/repository/org/springframework/spring-jdbc/5.1.10.RELEASE/spring-jdbc-5.1.10.RELEASE.jar
7f0bec08d000-7f0bec091000 r--s 00020000 08:02 4851332                    /home/user/.m2/repository/com/zaxxer/HikariCP/3.2.0/HikariCP-3.2.0.jar
7f0bec091000-7f0bec092000 r--s 00000000 08:02 4721774                    /home/user/.m2/repository/org/springframework/boot/spring-boot-starter-jdbc/2.1.9.RELEASE/spring-boot-starter-jdbc-2.1.9.RELEASE.jar
7f0bec092000-7f0bec0ab000 r--s 001da000 08:02 4720772                    /home/user/.m2/repository/org/aspectj/aspectjweaver/1.9.4/aspectjweaver-1.9.4.jar
7f0bec0ab000-7f0bec0b4000 r--s 00052000 08:02 4328460                    /home/user/.m2/repository/org/springframework/spring-aop/5.1.10.RELEASE/spring-aop-5.1.10.RELEASE.jar
7f0bec0b4000-7f0bec0b5000 r--s 00000000 08:02 4721772                    /home/user/.m2/repository/org/springframework/boot/spring-boot-starter-aop/2.1.9.RELEASE/spring-boot-starter-aop-2.1.9.RELEASE.jar
7f0bec0b5000-7f0bec5ba000 rw-p 00000000 00:00 0 
7f0bec5ba000-7f0bec78a000 r--s 03c5c000 08:02 11013321                   /usr/lib/jvm/java-8-openjdk-amd64/jre/lib/rt.jar
7f0bec78a000-7f0bed000000 rw-p 00000000 00:00 0 
7f0bed000000-7f0bed9f0000 rwxp 00000000 00:00 0 
7f0bed9f0000-7f0bfc000000 ---p 00000000 00:00 0 
7f0bfc000000-7f0bfcdbb000 rw-p 00000000 00:00 0 
7f0bfcdbb000-7f0c00000000 ---p 00000000 00:00 0 
7f0c00000000-7f0c00001000 r--s 00000000 08:02 4721770                    /home/user/.m2/repository/org/springframework/boot/spring-boot-starter-data-jpa/2.1.9.RELEASE/spring-boot-starter-data-jpa-2.1.9.RELEASE.jar
7f0c00001000-7f0c00006000 r--s 00029000 08:02 5376335                    /home/user/.m2/repository/org/apache/maven/surefire/surefire-api/2.22.2/surefire-api-2.22.2.jar
7f0c00006000-7f0c00021000 r--s 00394000 08:02 11013146                   /usr/lib/jvm/java-8-openjdk-amd64/jre/lib/ext/cldrdata.jar
7f0c00021000-7f0c0003c000 r--s 001d6000 08:02 11013187                   /usr/lib/jvm/java-8-openjdk-amd64/jre/lib/ext/nashorn.jar
7f0c0003c000-7f0c00412000 rw-p 00000000 00:00 0 
7f0c00412000-7f0c00413000 ---p 00000000 00:00 0 
7f0c00413000-7f0c00513000 rw-p 00000000 00:00 0 
7f0c00513000-7f0c00514000 ---p 00000000 00:00 0 
7f0c00514000-7f0c00614000 rw-p 00000000 00:00 0 
7f0c00614000-7f0c00615000 ---p 00000000 00:00 0 
7f0c00615000-7f0c00715000 rw-p 00000000 00:00 0 
7f0c00715000-7f0c00716000 ---p 00000000 00:00 0 
7f0c00716000-7f0c00816000 rw-p 00000000 00:00 0 
7f0c00816000-7f0c00817000 ---p 00000000 00:00 0 
7f0c00817000-7f0c00917000 rw-p 00000000 00:00 0 
7f0c00917000-7f0c00918000 ---p 00000000 00:00 0 
7f0c00918000-7f0c00a18000 rw-p 00000000 00:00 0 
7f0c00a18000-7f0c00a19000 ---p 00000000 00:00 0 
7f0c00a19000-7f0c00b19000 rw-p 00000000 00:00 0 
7f0c00b19000-7f0c00b1a000 ---p 00000000 00:00 0 
7f0c00b1a000-7f0c00c32000 rw-p 00000000 00:00 0 
7f0c00c32000-7f0c00ea9000 ---p 00000000 00:00 0 
7f0c00ea9000-7f0c00ec1000 rw-p 00000000 00:00 0 
7f0c00ec1000-7f0c01137000 ---p 00000000 00:00 0 
7f0c01137000-7f0c0117c000 rw-p 00000000 00:00 0 
7f0c0117c000-7f0c0127f000 ---p 00000000 00:00 0 
7f0c0127f000-7f0c012a8000 rw-p 00000000 00:00 0 
7f0c012a8000-7f0c01640000 ---p 00000000 00:00 0 
7f0c01640000-7f0c01648000 r-xp 00000000 08:02 11013121                   /usr/lib/jvm/java-8-openjdk-amd64/jre/lib/amd64/libzip.so
7f0c01648000-7f0c01847000 ---p 00008000 08:02 11013121                   /usr/lib/jvm/java-8-openjdk-amd64/jre/lib/amd64/libzip.so
7f0c01847000-7f0c01848000 r--p 00007000 08:02 11013121                   /usr/lib/jvm/java-8-openjdk-amd64/jre/lib/amd64/libzip.so
7f0c01848000-7f0c01849000 rw-p 00008000 08:02 11013121                   /usr/lib/jvm/java-8-openjdk-amd64/jre/lib/amd64/libzip.so
7f0c01849000-7f0c01854000 r-xp 00000000 08:02 21238548                   /lib/x86_64-linux-gnu/libnss_files-2.27.so
7f0c01854000-7f0c01a53000 ---p 0000b000 08:02 21238548                   /lib/x86_64-linux-gnu/libnss_files-2.27.so
7f0c01a53000-7f0c01a54000 r--p 0000a000 08:02 21238548                   /lib/x86_64-linux-gnu/libnss_files-2.27.so
7f0c01a54000-7f0c01a55000 rw-p 0000b000 08:02 21238548                   /lib/x86_64-linux-gnu/libnss_files-2.27.so
7f0c01a55000-7f0c01a5b000 rw-p 00000000 00:00 0 
7f0c01a5b000-7f0c01a72000 r-xp 00000000 08:02 21238542                   /lib/x86_64-linux-gnu/libnsl-2.27.so
7f0c01a72000-7f0c01c71000 ---p 00017000 08:02 21238542                   /lib/x86_64-linux-gnu/libnsl-2.27.so
7f0c01c71000-7f0c01c72000 r--p 00016000 08:02 21238542                   /lib/x86_64-linux-gnu/libnsl-2.27.so
7f0c01c72000-7f0c01c73000 rw-p 00017000 08:02 21238542                   /lib/x86_64-linux-gnu/libnsl-2.27.so
7f0c01c73000-7f0c01c75000 rw-p 00000000 00:00 0 
7f0c01c75000-7f0c01c80000 r-xp 00000000 08:02 21238559                   /lib/x86_64-linux-gnu/libnss_nis-2.27.so
7f0c01c80000-7f0c01e7f000 ---p 0000b000 08:02 21238559                   /lib/x86_64-linux-gnu/libnss_nis-2.27.so
7f0c01e7f000-7f0c01e80000 r--p 0000a000 08:02 21238559                   /lib/x86_64-linux-gnu/libnss_nis-2.27.so
7f0c01e80000-7f0c01e81000 rw-p 0000b000 08:02 21238559                   /lib/x86_64-linux-gnu/libnss_nis-2.27.so
7f0c01e81000-7f0c01e89000 r-xp 00000000 08:02 21238544                   /lib/x86_64-linux-gnu/libnss_compat-2.27.so
7f0c01e89000-7f0c02089000 ---p 00008000 08:02 21238544                   /lib/x86_64-linux-gnu/libnss_compat-2.27.so
7f0c02089000-7f0c0208a000 r--p 00008000 08:02 21238544                   /lib/x86_64-linux-gnu/libnss_compat-2.27.so
7f0c0208a000-7f0c0208b000 rw-p 00009000 08:02 21238544                   /lib/x86_64-linux-gnu/libnss_compat-2.27.so
7f0c0208b000-7f0c020b5000 r-xp 00000000 08:02 11013101                   /usr/lib/jvm/java-8-openjdk-amd64/jre/lib/amd64/libjava.so
7f0c020b5000-7f0c022b4000 ---p 0002a000 08:02 11013101                   /usr/lib/jvm/java-8-openjdk-amd64/jre/lib/amd64/libjava.so
7f0c022b4000-7f0c022b5000 r--p 00029000 08:02 11013101                   /usr/lib/jvm/java-8-openjdk-amd64/jre/lib/amd64/libjava.so
7f0c022b5000-7f0c022b7000 rw-p 0002a000 08:02 11013101                   /usr/lib/jvm/java-8-openjdk-amd64/jre/lib/amd64/libjava.so
7f0c022b7000-7f0c022c7000 r-xp 00000000 08:02 11013119                   /usr/lib/jvm/java-8-openjdk-amd64/jre/lib/amd64/libverify.so
7f0c022c7000-7f0c024c6000 ---p 00010000 08:02 11013119                   /usr/lib/jvm/java-8-openjdk-amd64/jre/lib/amd64/libverify.so
7f0c024c6000-7f0c024c8000 r--p 0000f000 08:02 11013119                   /usr/lib/jvm/java-8-openjdk-amd64/jre/lib/amd64/libverify.so
7f0c024c8000-7f0c024c9000 rw-p 00011000 08:02 11013119                   /usr/lib/jvm/java-8-openjdk-amd64/jre/lib/amd64/libverify.so
7f0c024c9000-7f0c024d0000 r-xp 00000000 08:02 21238599                   /lib/x86_64-linux-gnu/librt-2.27.so
7f0c024d0000-7f0c026cf000 ---p 00007000 08:02 21238599                   /lib/x86_64-linux-gnu/librt-2.27.so
7f0c026cf000-7f0c026d0000 r--p 00006000 08:02 21238599                   /lib/x86_64-linux-gnu/librt-2.27.so
7f0c026d0000-7f0c026d1000 rw-p 00007000 08:02 21238599                   /lib/x86_64-linux-gnu/librt-2.27.so
7f0c026d1000-7f0c026e8000 r-xp 00000000 08:02 21233745                   /lib/x86_64-linux-gnu/libgcc_s.so.1
7f0c026e8000-7f0c028e7000 ---p 00017000 08:02 21233745                   /lib/x86_64-linux-gnu/libgcc_s.so.1
7f0c028e7000-7f0c028e8000 r--p 00016000 08:02 21233745                   /lib/x86_64-linux-gnu/libgcc_s.so.1
7f0c028e8000-7f0c028e9000 rw-p 00017000 08:02 21233745                   /lib/x86_64-linux-gnu/libgcc_s.so.1
7f0c028e9000-7f0c02a86000 r-xp 00000000 08:02 21238521                   /lib/x86_64-linux-gnu/libm-2.27.so
7f0c02a86000-7f0c02c85000 ---p 0019d000 08:02 21238521                   /lib/x86_64-linux-gnu/libm-2.27.so
7f0c02c85000-7f0c02c86000 r--p 0019c000 08:02 21238521                   /lib/x86_64-linux-gnu/libm-2.27.so
7f0c02c86000-7f0c02c87000 rw-p 0019d000 08:02 21238521                   /lib/x86_64-linux-gnu/libm-2.27.so
7f0c02c87000-7f0c02e00000 r-xp 00000000 08:02 11010636                   /usr/lib/x86_64-linux-gnu/libstdc++.so.6.0.25
7f0c02e00000-7f0c03000000 ---p 00179000 08:02 11010636                   /usr/lib/x86_64-linux-gnu/libstdc++.so.6.0.25
7f0c03000000-7f0c0300a000 r--p 00179000 08:02 11010636                   /usr/lib/x86_64-linux-gnu/libstdc++.so.6.0.25
7f0c0300a000-7f0c0300c000 rw-p 00183000 08:02 11010636                   /usr/lib/x86_64-linux-gnu/libstdc++.so.6.0.25
7f0c0300c000-7f0c03010000 rw-p 00000000 00:00 0 
7f0c03010000-7f0c03caf000 r-xp 00000000 08:02 11013124                   /usr/lib/jvm/java-8-openjdk-amd64/jre/lib/amd64/server/libjvm.so
7f0c03caf000-7f0c03eaf000 ---p 00c9f000 08:02 11013124                   /usr/lib/jvm/java-8-openjdk-amd64/jre/lib/amd64/server/libjvm.so
7f0c03eaf000-7f0c03f43000 r--p 00c9f000 08:02 11013124                   /usr/lib/jvm/java-8-openjdk-amd64/jre/lib/amd64/server/libjvm.so
7f0c03f43000-7f0c03f6c000 rw-p 00d33000 08:02 11013124                   /usr/lib/jvm/java-8-openjdk-amd64/jre/lib/amd64/server/libjvm.so
7f0c03f6c000-7f0c03f9c000 rw-p 00000000 00:00 0 
7f0c03f9c000-7f0c03fb6000 r-xp 00000000 08:02 21238591                   /lib/x86_64-linux-gnu/libpthread-2.27.so
7f0c03fb6000-7f0c041b5000 ---p 0001a000 08:02 21238591                   /lib/x86_64-linux-gnu/libpthread-2.27.so
7f0c041b5000-7f0c041b6000 r--p 00019000 08:02 21238591                   /lib/x86_64-linux-gnu/libpthread-2.27.so
7f0c041b6000-7f0c041b7000 rw-p 0001a000 08:02 21238591                   /lib/x86_64-linux-gnu/libpthread-2.27.so
7f0c041b7000-7f0c041bb000 rw-p 00000000 00:00 0 
7f0c041bb000-7f0c041be000 r-xp 00000000 08:02 21238481                   /lib/x86_64-linux-gnu/libdl-2.27.so
7f0c041be000-7f0c043bd000 ---p 00003000 08:02 21238481                   /lib/x86_64-linux-gnu/libdl-2.27.so
7f0c043bd000-7f0c043be000 r--p 00002000 08:02 21238481                   /lib/x86_64-linux-gnu/libdl-2.27.so
7f0c043be000-7f0c043bf000 rw-p 00003000 08:02 21238481                   /lib/x86_64-linux-gnu/libdl-2.27.so
7f0c043bf000-7f0c043db000 r-xp 00000000 08:02 21238630                   /lib/x86_64-linux-gnu/libz.so.1.2.11
7f0c043db000-7f0c045da000 ---p 0001c000 08:02 21238630                   /lib/x86_64-linux-gnu/libz.so.1.2.11
7f0c045da000-7f0c045db000 r--p 0001b000 08:02 21238630                   /lib/x86_64-linux-gnu/libz.so.1.2.11
7f0c045db000-7f0c045dc000 rw-p 0001c000 08:02 21238630                   /lib/x86_64-linux-gnu/libz.so.1.2.11
7f0c045dc000-7f0c047c3000 r-xp 00000000 08:02 21238458                   /lib/x86_64-linux-gnu/libc-2.27.so
7f0c047c3000-7f0c049c3000 ---p 001e7000 08:02 21238458                   /lib/x86_64-linux-gnu/libc-2.27.so
7f0c049c3000-7f0c049c7000 r--p 001e7000 08:02 21238458                   /lib/x86_64-linux-gnu/libc-2.27.so
7f0c049c7000-7f0c049c9000 rw-p 001eb000 08:02 21238458                   /lib/x86_64-linux-gnu/libc-2.27.so
7f0c049c9000-7f0c049cd000 rw-p 00000000 00:00 0 
7f0c049cd000-7f0c049db000 r-xp 00000000 08:02 11013087                   /usr/lib/jvm/java-8-openjdk-amd64/jre/lib/amd64/jli/libjli.so
7f0c049db000-7f0c04bda000 ---p 0000e000 08:02 11013087                   /usr/lib/jvm/java-8-openjdk-amd64/jre/lib/amd64/jli/libjli.so
7f0c04bda000-7f0c04bdb000 r--p 0000d000 08:02 11013087                   /usr/lib/jvm/java-8-openjdk-amd64/jre/lib/amd64/jli/libjli.so
7f0c04bdb000-7f0c04bdc000 rw-p 0000e000 08:02 11013087                   /usr/lib/jvm/java-8-openjdk-amd64/jre/lib/amd64/jli/libjli.so
7f0c04bdc000-7f0c04c03000 r-xp 00000000 08:02 21238430                   /lib/x86_64-linux-gnu/ld-2.27.so
7f0c04c03000-7f0c04c05000 r--s 00002000 08:02 5376337                    /home/user/.m2/repository/org/apache/maven/surefire/surefire-logger-api/2.22.2/surefire-logger-api-2.22.2.jar
7f0c04c05000-7f0c04c09000 r--s 0003f000 08:02 5376339                    /home/user/.m2/repository/org/apache/maven/surefire/surefire-booter/2.22.2/surefire-booter-2.22.2.jar
7f0c04c09000-7f0c04c0a000 r--s 00002000 08:02 5376918                    /home/user/Music/configuration/service-rating/target/surefire/surefirebooter8949720771464766271.jar
7f0c04c0a000-7f0c04c0b000 r--s 00010000 08:02 11013296                   /usr/lib/jvm/java-8-openjdk-amd64/jre/lib/ext/zipfs.jar
7f0c04c0b000-7f0c04c10000 r--s 0003c000 08:02 11013294                   /usr/lib/jvm/java-8-openjdk-amd64/jre/lib/ext/sunjce_provider.jar
7f0c04c10000-7f0c04c11000 r--s 0000a000 08:02 11013149                   /usr/lib/jvm/java-8-openjdk-amd64/jre/lib/ext/jaccess.jar
7f0c04c11000-7f0c04c14000 r--s 0000f000 08:02 11013148                   /usr/lib/jvm/java-8-openjdk-amd64/jre/lib/ext/icedtea-sound.jar
7f0c04c14000-7f0c04c17000 r--s 00039000 08:02 11013295                   /usr/lib/jvm/java-8-openjdk-amd64/jre/lib/ext/sunpkcs11.jar
7f0c04c17000-7f0c04c19000 r--s 00001000 08:02 11013147                   /usr/lib/jvm/java-8-openjdk-amd64/jre/lib/ext/dnsns.jar
7f0c04c19000-7f0c04ce9000 rw-p 00000000 00:00 0 
7f0c04ce9000-7f0c04cea000 ---p 00000000 00:00 0 
7f0c04cea000-7f0c04ced000 ---p 00000000 00:00 0 
7f0c04ced000-7f0c04dec000 rw-p 00000000 00:00 0 
7f0c04dec000-7f0c04ded000 r--s 0000d000 08:02 11013278                   /usr/lib/jvm/java-8-openjdk-amd64/jre/lib/ext/sunec.jar
7f0c04ded000-7f0c04df7000 r--s 00116000 08:02 11013182                   /usr/lib/jvm/java-8-openjdk-amd64/jre/lib/ext/localedata.jar
7f0c04df7000-7f0c04dff000 rw-s 00000000 08:02 17566935                   /tmp/hsperfdata_user/18981
7f0c04dff000-7f0c04e00000 rw-p 00000000 00:00 0 
7f0c04e00000-7f0c04e01000 ---p 00000000 00:00 0 
7f0c04e01000-7f0c04e03000 rw-p 00000000 00:00 0 
7f0c04e03000-7f0c04e04000 r--p 00027000 08:02 21238430                   /lib/x86_64-linux-gnu/ld-2.27.so
7f0c04e04000-7f0c04e05000 rw-p 00028000 08:02 21238430                   /lib/x86_64-linux-gnu/ld-2.27.so
7f0c04e05000-7f0c04e06000 rw-p 00000000 00:00 0 
7ffe511f7000-7ffe51218000 rw-p 00000000 00:00 0                          [stack]
7ffe5138b000-7ffe5138e000 r--p 00000000 00:00 0                          [vvar]
7ffe5138e000-7ffe5138f000 r-xp 00000000 00:00 0                          [vdso]
ffffffffff600000-ffffffffff601000 r-xp 00000000 00:00 0                  [vsyscall]

VM Arguments:
java_command: /home/user/Music/configuration/service-rating/target/surefire/surefirebooter8949720771464766271.jar /home/user/Music/configuration/service-rating/target/surefire 2019-10-16T17-38-07_229-jvmRun1 surefire7790566794134117605tmp surefire_03077711687233706297tmp
java_class_path (initial): /home/user/Music/configuration/service-rating/target/surefire/surefirebooter8949720771464766271.jar
Launcher Type: SUN_STANDARD

Environment Variables:
PATH=/usr/local/sbin:/usr/local/bin:/usr/sbin:/usr/bin:/sbin:/bin:/usr/games:/usr/local/games:/snap/bin
USERNAME=user
SHELL=/bin/bash
DISPLAY=:0

Signal Handlers:
SIGSEGV: [libjvm.so+0xab92f0], sa_mask[0]=11111111011111111101111111111110, sa_flags=SA_RESTART|SA_SIGINFO
SIGBUS: [libjvm.so+0xab92f0], sa_mask[0]=11111111011111111101111111111110, sa_flags=SA_RESTART|SA_SIGINFO
SIGFPE: [libjvm.so+0x8ee560], sa_mask[0]=11111111011111111101111111111110, sa_flags=SA_RESTART|SA_SIGINFO
SIGPIPE: [libjvm.so+0x8ee560], sa_mask[0]=11111111011111111101111111111110, sa_flags=SA_RESTART|SA_SIGINFO
SIGXFSZ: [libjvm.so+0x8ee560], sa_mask[0]=11111111011111111101111111111110, sa_flags=SA_RESTART|SA_SIGINFO
SIGILL: [libjvm.so+0x8ee560], sa_mask[0]=11111111011111111101111111111110, sa_flags=SA_RESTART|SA_SIGINFO
SIGUSR1: SIG_DFL, sa_mask[0]=00000000000000000000000000000000, sa_flags=none
SIGUSR2: [libjvm.so+0x8ee410], sa_mask[0]=00100000000000000000000000000000, sa_flags=SA_RESTART|SA_SIGINFO
SIGHUP: [libjvm.so+0x8eea80], sa_mask[0]=11111111011111111101111111111110, sa_flags=SA_RESTART|SA_SIGINFO
SIGINT: [libjvm.so+0x8eea80], sa_mask[0]=11111111011111111101111111111110, sa_flags=SA_RESTART|SA_SIGINFO
SIGTERM: [libjvm.so+0x8eea80], sa_mask[0]=11111111011111111101111111111110, sa_flags=SA_RESTART|SA_SIGINFO
SIGQUIT: [libjvm.so+0x8eea80], sa_mask[0]=11111111011111111101111111111110, sa_flags=SA_RESTART|SA_SIGINFO


---------------  S Y S T E M  ---------------

OS:DISTRIB_ID=Ubuntu
DISTRIB_RELEASE=18.04
DISTRIB_CODENAME=bionic
DISTRIB_DESCRIPTION="Ubuntu 18.04.3 LTS"

uname:Linux 5.0.0-29-generic #31~18.04.1-Ubuntu SMP Thu Sep 12 18:29:21 UTC 2019 x86_64
libc:glibc 2.27 NPTL 2.27 
rlimit: STACK 8192k, CORE 0k, NPROC 31220, NOFILE 4096, AS infinity
load average:21.64 8.30 4.18

/proc/meminfo:
MemTotal:        8040292 kB
MemFree:          108548 kB
MemAvailable:      26332 kB
Buffers:            1448 kB
Cached:           367368 kB
SwapCached:         3532 kB
Active:          6723176 kB
Inactive:         860352 kB
Active(anon):    6701396 kB
Inactive(anon):   837696 kB
Active(file):      21780 kB
Inactive(file):    22656 kB
Unevictable:        1424 kB
Mlocked:              72 kB
SwapTotal:       2097148 kB
SwapFree:              0 kB
Dirty:               748 kB
Writeback:             0 kB
AnonPages:       7216640 kB
Mapped:           220632 kB
Shmem:            322600 kB
KReclaimable:      60856 kB
Slab:             140168 kB
SReclaimable:      60856 kB
SUnreclaim:        79312 kB
KernelStack:       26624 kB
PageTables:        95540 kB
NFS_Unstable:          0 kB
Bounce:                0 kB
WritebackTmp:          0 kB
CommitLimit:     6117292 kB
Committed_AS:   19201224 kB
VmallocTotal:   34359738367 kB
VmallocUsed:           0 kB
VmallocChunk:          0 kB
Percpu:             2624 kB
HardwareCorrupted:     0 kB
AnonHugePages:         0 kB
ShmemHugePages:        0 kB
ShmemPmdMapped:        0 kB
CmaTotal:              0 kB
CmaFree:               0 kB
HugePages_Total:       0
HugePages_Free:        0
HugePages_Rsvd:        0
HugePages_Surp:        0
Hugepagesize:       2048 kB
Hugetlb:               0 kB
DirectMap4k:      281312 kB
DirectMap2M:     7983104 kB
DirectMap1G:     1048576 kB

container (cgroup) information:
container_type: cgroupv1
cpu_cpuset_cpus: 0-7
cpu_memory_nodes: 0
active_processor_count: 8
cpu_quota: -1
cpu_period: 100000
cpu_shares: -1
memory_limit_in_bytes: -1
memory_and_swap_limit_in_bytes: -2
memory_soft_limit_in_bytes: -1
memory_usage_in_bytes: 7768154112
memory_max_usage_in_bytes: 210571264


CPU:total 8 (initial active 8) (4 cores per cpu, 2 threads per core) family 6 model 60 stepping 3, cmov, cx8, fxsr, mmx, sse, sse2, sse3, ssse3, sse4.1, sse4.2, popcnt, avx, avx2, aes, clmul, erms, lzcnt, ht, tsc, tscinvbit, bmi1, bmi2

/proc/cpuinfo:
processor	: 0
vendor_id	: GenuineIntel
cpu family	: 6
model		: 60
model name	: Intel(R) Core(TM) i7-4710MQ CPU @ 2.50GHz
stepping	: 3
microcode	: 0x27
cpu MHz		: 3274.788
cache size	: 6144 KB
physical id	: 0
siblings	: 8
core id		: 0
cpu cores	: 4
apicid		: 0
initial apicid	: 0
fpu		: yes
fpu_exception	: yes
cpuid level	: 13
wp		: yes
flags		: fpu vme de pse tsc msr pae mce cx8 apic sep mtrr pge mca cmov pat pse36 clflush dts acpi mmx fxsr sse sse2 ss ht tm pbe syscall nx pdpe1gb rdtscp lm constant_tsc arch_perfmon pebs bts rep_good nopl xtopology nonstop_tsc cpuid aperfmperf pni pclmulqdq dtes64 monitor ds_cpl vmx est tm2 ssse3 sdbg fma cx16 xtpr pdcm pcid sse4_1 sse4_2 movbe popcnt tsc_deadline_timer aes xsave avx f16c rdrand lahf_lm abm cpuid_fault epb invpcid_single pti ssbd ibrs ibpb stibp tpr_shadow vnmi flexpriority ept vpid ept_ad fsgsbase tsc_adjust bmi1 avx2 smep bmi2 erms invpcid xsaveopt dtherm ida arat pln pts md_clear flush_l1d
bugs		: cpu_meltdown spectre_v1 spectre_v2 spec_store_bypass l1tf mds swapgs
bogomips	: 4988.87
clflush size	: 64
cache_alignment	: 64
address sizes	: 39 bits physical, 48 bits virtual
power management:

processor	: 1
vendor_id	: GenuineIntel
cpu family	: 6
model		: 60
model name	: Intel(R) Core(TM) i7-4710MQ CPU @ 2.50GHz
stepping	: 3
microcode	: 0x27
cpu MHz		: 3279.700
cache size	: 6144 KB
physical id	: 0
siblings	: 8
core id		: 0
cpu cores	: 4
apicid		: 1
initial apicid	: 1
fpu		: yes
fpu_exception	: yes
cpuid level	: 13
wp		: yes
flags		: fpu vme de pse tsc msr pae mce cx8 apic sep mtrr pge mca cmov pat pse36 clflush dts acpi mmx fxsr sse sse2 ss ht tm pbe syscall nx pdpe1gb rdtscp lm constant_tsc arch_perfmon pebs bts rep_good nopl xtopology nonstop_tsc cpuid aperfmperf pni pclmulqdq dtes64 monitor ds_cpl vmx est tm2 ssse3 sdbg fma cx16 xtpr pdcm pcid sse4_1 sse4_2 movbe popcnt tsc_deadline_timer aes xsave avx f16c rdrand lahf_lm abm cpuid_fault epb invpcid_single pti ssbd ibrs ibpb stibp tpr_shadow vnmi flexpriority ept vpid ept_ad fsgsbase tsc_adjust bmi1 avx2 smep bmi2 erms invpcid xsaveopt dtherm ida arat pln pts md_clear flush_l1d
bugs		: cpu_meltdown spectre_v1 spectre_v2 spec_store_bypass l1tf mds swapgs
bogomips	: 4988.87
clflush size	: 64
cache_alignment	: 64
address sizes	: 39 bits physical, 48 bits virtual
power management:

processor	: 2
vendor_id	: GenuineIntel
cpu family	: 6
model		: 60
model name	: Intel(R) Core(TM) i7-4710MQ CPU @ 2.50GHz
stepping	: 3
microcode	: 0x27
cpu MHz		: 3274.995
cache size	: 6144 KB
physical id	: 0
siblings	: 8
core id		: 1
cpu cores	: 4
apicid		: 2
initial apicid	: 2
fpu		: yes
fpu_exception	: yes
cpuid level	: 13
wp		: yes
flags		: fpu vme de pse tsc msr pae mce cx8 apic sep mtrr pge mca cmov pat pse36 clflush dts acpi mmx fxsr sse sse2 ss ht tm pbe syscall nx pdpe1gb rdtscp lm constant_tsc arch_perfmon pebs bts rep_good nopl xtopology nonstop_tsc cpuid aperfmperf pni pclmulqdq dtes64 monitor ds_cpl vmx est tm2 ssse3 sdbg fma cx16 xtpr pdcm pcid sse4_1 sse4_2 movbe popcnt tsc_deadline_timer aes xsave avx f16c rdrand lahf_lm abm cpuid_fault epb invpcid_single pti ssbd ibrs ibpb stibp tpr_shadow vnmi flexpriority ept vpid ept_ad fsgsbase tsc_adjust bmi1 avx2 smep bmi2 erms invpcid xsaveopt dtherm ida arat pln pts md_clear flush_l1d
bugs		: cpu_meltdown spectre_v1 spectre_v2 spec_store_bypass l1tf mds swapgs
bogomips	: 4988.87
clflush size	: 64
cache_alignment	: 64
address sizes	: 39 bits physical, 48 bits virtual
power management:

processor	: 3
vendor_id	: GenuineIntel
cpu family	: 6
model		: 60
model name	: Intel(R) Core(TM) i7-4710MQ CPU @ 2.50GHz
stepping	: 3
microcode	: 0x27
cpu MHz		: 3292.394
cache size	: 6144 KB
physical id	: 0
siblings	: 8
core id		: 1
cpu cores	: 4
apicid		: 3
initial apicid	: 3
fpu		: yes
fpu_exception	: yes
cpuid level	: 13
wp		: yes
flags		: fpu vme de pse tsc msr pae mce cx8 apic sep mtrr pge mca cmov pat pse36 clflush dts acpi mmx fxsr sse sse2 ss ht tm pbe syscall nx pdpe1gb rdtscp lm constant_tsc arch_perfmon pebs bts rep_good nopl xtopology nonstop_tsc cpuid aperfmperf pni pclmulqdq dtes64 monitor ds_cpl vmx est tm2 ssse3 sdbg fma cx16 xtpr pdcm pcid sse4_1 sse4_2 movbe popcnt tsc_deadline_timer aes xsave avx f16c rdrand lahf_lm abm cpuid_fault epb invpcid_single pti ssbd ibrs ibpb stibp tpr_shadow vnmi flexpriority ept vpid ept_ad fsgsbase tsc_adjust bmi1 avx2 smep bmi2 erms invpcid xsaveopt dtherm ida arat pln pts md_clear flush_l1d
bugs		: cpu_meltdown spectre_v1 spectre_v2 spec_store_bypass l1tf mds swapgs
bogomips	: 4988.87
clflush size	: 64
cache_alignment	: 64
address sizes	: 39 bits physical, 48 bits virtual
power management:

processor	: 4
vendor_id	: GenuineIntel
cpu family	: 6
model		: 60
model name	: Intel(R) Core(TM) i7-4710MQ CPU @ 2.50GHz
stepping	: 3
microcode	: 0x27
cpu MHz		: 3289.229
cache size	: 6144 KB
physical id	: 0
siblings	: 8
core id		: 2
cpu cores	: 4
apicid		: 4
initial apicid	: 4
fpu		: yes
fpu_exception	: yes
cpuid level	: 13
wp		: yes
flags		: fpu vme de pse tsc msr pae mce cx8 apic sep mtrr pge mca cmov pat pse36 clflush dts acpi mmx fxsr sse sse2 ss ht tm pbe syscall nx pdpe1gb rdtscp lm constant_tsc arch_perfmon pebs bts rep_good nopl xtopology nonstop_tsc cpuid aperfmperf pni pclmulqdq dtes64 monitor ds_cpl vmx est tm2 ssse3 sdbg fma cx16 xtpr pdcm pcid sse4_1 sse4_2 movbe popcnt tsc_deadline_timer aes xsave avx f16c rdrand lahf_lm abm cpuid_fault epb invpcid_single pti ssbd ibrs ibpb stibp tpr_shadow vnmi flexpriority ept vpid ept_ad fsgsbase tsc_adjust bmi1 avx2 smep bmi2 erms invpcid xsaveopt dtherm ida arat pln pts md_clear flush_l1d
bugs		: cpu_meltdown spectre_v1 spectre_v2 spec_store_bypass l1tf mds swapgs
bogomips	: 4988.87
clflush size	: 64
cache_alignment	: 64
address sizes	: 39 bits physical, 48 bits virtual
power management:

processor	: 5
vendor_id	: GenuineIntel
cpu family	: 6
model		: 60
model name	: Intel(R) Core(TM) i7-4710MQ CPU @ 2.50GHz
stepping	: 3
microcode	: 0x27
cpu MHz		: 3258.095
cache size	: 6144 KB
physical id	: 0
siblings	: 8
core id		: 2
cpu cores	: 4
apicid		: 5
initial apicid	: 5
fpu		: yes
fpu_exception	: yes
cpuid level	: 13
wp		: yes
flags		: fpu vme de pse tsc msr pae mce cx8 apic sep mtrr pge mca cmov pat pse36 clflush dts acpi mmx fxsr sse sse2 ss ht tm pbe syscall nx pdpe1gb rdtscp lm constant_tsc arch_perfmon pebs bts rep_good nopl xtopology nonstop_tsc cpuid aperfmperf pni pclmulqdq dtes64 monitor ds_cpl vmx est tm2 ssse3 sdbg fma cx16 xtpr pdcm pcid sse4_1 sse4_2 movbe popcnt tsc_deadline_timer aes xsave avx f16c rdrand lahf_lm abm cpuid_fault epb invpcid_single pti ssbd ibrs ibpb stibp tpr_shadow vnmi flexpriority ept vpid ept_ad fsgsbase tsc_adjust bmi1 avx2 smep bmi2 erms invpcid xsaveopt dtherm ida arat pln pts md_clear flush_l1d
bugs		: cpu_meltdown spectre_v1 spectre_v2 spec_store_bypass l1tf mds swapgs
bogomips	: 4988.87
clflush size	: 64
cache_alignment	: 64
address sizes	: 39 bits physical, 48 bits virtual
power management:

processor	: 6
vendor_id	: GenuineIntel
cpu family	: 6
model		: 60
model name	: Intel(R) Core(TM) i7-4710MQ CPU @ 2.50GHz
stepping	: 3
microcode	: 0x27
cpu MHz		: 3281.551
cache size	: 6144 KB
physical id	: 0
siblings	: 8
core id		: 3
cpu cores	: 4
apicid		: 6
initial apicid	: 6
fpu		: yes
fpu_exception	: yes
cpuid level	: 13
wp		: yes
flags		: fpu vme de pse tsc msr pae mce cx8 apic sep mtrr pge mca cmov pat pse36 clflush dts acpi mmx fxsr sse sse2 ss ht tm pbe syscall nx pdpe1gb rdtscp lm constant_tsc arch_perfmon pebs bts rep_good nopl xtopology nonstop_tsc cpuid aperfmperf pni pclmulqdq dtes64 monitor ds_cpl vmx est tm2 ssse3 sdbg fma cx16 xtpr pdcm pcid sse4_1 sse4_2 movbe popcnt tsc_deadline_timer aes xsave avx f16c rdrand lahf_lm abm cpuid_fault epb invpcid_single pti ssbd ibrs ibpb stibp tpr_shadow vnmi flexpriority ept vpid ept_ad fsgsbase tsc_adjust bmi1 avx2 smep bmi2 erms invpcid xsaveopt dtherm ida arat pln pts md_clear flush_l1d
bugs		: cpu_meltdown spectre_v1 spectre_v2 spec_store_bypass l1tf mds swapgs
bogomips	: 4988.87
clflush size	: 64
cache_alignment	: 64
address sizes	: 39 bits physical, 48 bits virtual
power management:

processor	: 7
vendor_id	: GenuineIntel
cpu family	: 6
model		: 60
model name	: Intel(R) Core(TM) i7-4710MQ CPU @ 2.50GHz
stepping	: 3
microcode	: 0x27
cpu MHz		: 3274.887
cache size	: 6144 KB
physical id	: 0
siblings	: 8
core id		: 3
cpu cores	: 4
apicid		: 7
initial apicid	: 7
fpu		: yes
fpu_exception	: yes
cpuid level	: 13
wp		: yes
flags		: fpu vme de pse tsc msr pae mce cx8 apic sep mtrr pge mca cmov pat pse36 clflush dts acpi mmx fxsr sse sse2 ss ht tm pbe syscall nx pdpe1gb rdtscp lm constant_tsc arch_perfmon pebs bts rep_good nopl xtopology nonstop_tsc cpuid aperfmperf pni pclmulqdq dtes64 monitor ds_cpl vmx est tm2 ssse3 sdbg fma cx16 xtpr pdcm pcid sse4_1 sse4_2 movbe popcnt tsc_deadline_timer aes xsave avx f16c rdrand lahf_lm abm cpuid_fault epb invpcid_single pti ssbd ibrs ibpb stibp tpr_shadow vnmi flexpriority ept vpid ept_ad fsgsbase tsc_adjust bmi1 avx2 smep bmi2 erms invpcid xsaveopt dtherm ida arat pln pts md_clear flush_l1d
bugs		: cpu_meltdown spectre_v1 spectre_v2 spec_store_bypass l1tf mds swapgs
bogomips	: 4988.87
clflush size	: 64
cache_alignment	: 64
address sizes	: 39 bits physical, 48 bits virtual
power management:



Memory: 4k page, physical 8040292k(106752k free), swap 2097148k(4k free)

vm_info: OpenJDK 64-Bit Server VM (25.222-b10) for linux-amd64 JRE (1.8.0_222-8u222-b10-1ubuntu1~18.04.1-b10), built on Jul 18 2019 18:52:48 by "buildd" with gcc 7.4.0

time: Wed Oct 16 17:39:30 2019
timezone: IST
elapsed time: 6 seconds (0d 0h 0m 6s)

