#
# There is insufficient memory for the Java Runtime Environment to continue.
# Native memory allocation (mmap) failed to map 97517568 bytes for committing reserved memory.
# Possible reasons:
#   The system is out of physical RAM or swap space
#   The process is running with CompressedOops enabled, and the Java Heap may be blocking the growth of the native heap
# Possible solutions:
#   Reduce memory load on the system
#   Increase physical memory or swap space
#   Check if swap backing store is full
#   Decrease Java heap size (-Xmx/-Xms)
#   Decrease number of Java threads
#   Decrease Java thread stack sizes (-Xss)
#   Set larger code cache with -XX:ReservedCodeCacheSize=
#   JVM is running with Unscaled Compressed Oops mode in which the Java heap is
#     placed in the first 4GB address space. The Java Heap base address is the
#     maximum limit for the native heap growth. Please use -XX:HeapBaseMinAddress
#     to set the Java Heap base and to place the Java Heap above 4GB virtual address.
# This output file may be truncated or incomplete.
#
#  Out of Memory Error (os_linux.cpp:2757), pid=23468, tid=0x00007fb4976f6700
#
# JRE version: OpenJDK Runtime Environment (8.0_222-b10) (build 1.8.0_222-8u222-b10-1ubuntu1~18.04.1-b10)
# Java VM: OpenJDK 64-Bit Server VM (25.222-b10 mixed mode linux-amd64 compressed oops)
# Failed to write core dump. Core dumps have been disabled. To enable core dumping, try "ulimit -c unlimited" before starting Java again
#

---------------  T H R E A D  ---------------

Current thread (0x00007fb4b4088800):  VMThread [stack: 0x00007fb4975f7000,0x00007fb4976f7000] [id=23483]

Stack: [0x00007fb4975f7000,0x00007fb4976f7000],  sp=0x00007fb4976f54a0,  free space=1017k
Native frames: (J=compiled Java code, j=interpreted, Vv=VM code, C=native code)
V  [libjvm.so+0xab8992]
V  [libjvm.so+0x4dbfd7]
V  [libjvm.so+0x8f33a0]
V  [libjvm.so+0x8ea46e]
V  [libjvm.so+0x96e106]
V  [libjvm.so+0x96f478]
V  [libjvm.so+0x96ba76]
V  [libjvm.so+0x96be0c]
V  [libjvm.so+0x91a5a8]
V  [libjvm.so+0xaba662]
V  [libjvm.so+0xabf1d6]
V  [libjvm.so+0xabd4d5]
V  [libjvm.so+0xabddad]
V  [libjvm.so+0xabe1b8]
V  [libjvm.so+0x8f0732]

VM_Operation (0x00007fb495172410): ParallelGCFailedAllocation, mode: safepoint, requested by thread 0x00007fb430003800


---------------  P R O C E S S  ---------------

Java Threads: ( => current thread )
  0x00007fb418002800 JavaThread "JMX server connection timeout 27" daemon [_thread_blocked, id=23519, stack(0x00007fb494033000,0x00007fb494134000)]
  0x00007fb444001000 JavaThread "RMI TCP Connection(3)-127.0.0.1" daemon [_thread_in_native, id=23518, stack(0x00007fb49476f000,0x00007fb494870000)]
  0x00007fb464001000 JavaThread "Attach Listener" daemon [_thread_blocked, id=23512, stack(0x00007fb494c70000,0x00007fb494d71000)]
  0x00007fb42c005800 JavaThread "JMX server connection timeout 20" daemon [_thread_blocked, id=23502, stack(0x00007fb494d71000,0x00007fb494e72000)]
  0x00007fb44c001800 JavaThread "RMI TCP Connection(2)-127.0.0.1" daemon [_thread_in_native, id=23501, stack(0x00007fb494e72000,0x00007fb494f73000)]
  0x00007fb43c009000 JavaThread "RMI Scheduler(0)" daemon [_thread_blocked, id=23500, stack(0x00007fb494f73000,0x00007fb495074000)]
  0x00007fb430003800 JavaThread "restartedMain" [_thread_blocked, id=23498, stack(0x00007fb495074000,0x00007fb495175000)]
  0x00007fb4b4b8c800 JavaThread "Thread-1" [_thread_blocked, id=23497, stack(0x00007fb495175000,0x00007fb495276000)]
  0x00007fb440001800 JavaThread "RMI TCP Connection(1)-127.0.0.1" daemon [_thread_in_native, id=23496, stack(0x00007fb495276000,0x00007fb495377000)]
  0x00007fb4b485b000 JavaThread "RMI TCP Accept-0" daemon [_thread_in_native, id=23494, stack(0x00007fb495678000,0x00007fb495779000)]
  0x00007fb4b483d000 JavaThread "RMI TCP Accept-37661" daemon [_thread_in_native, id=23493, stack(0x00007fb495779000,0x00007fb49587a000)]
  0x00007fb4b4828000 JavaThread "RMI TCP Accept-0" daemon [_thread_in_native, id=23492, stack(0x00007fb49587a000,0x00007fb49597b000)]
  0x00007fb4b40e2800 JavaThread "Service Thread" daemon [_thread_blocked, id=23491, stack(0x00007fb49641f000,0x00007fb496520000)]
  0x00007fb4b40cf800 JavaThread "C1 CompilerThread3" daemon [_thread_blocked, id=23490, stack(0x00007fb496521000,0x00007fb496621000)]
  0x00007fb4b40cd800 JavaThread "C2 CompilerThread2" daemon [_thread_blocked, id=23489, stack(0x00007fb496622000,0x00007fb496722000)]
  0x00007fb4b40cb800 JavaThread "C2 CompilerThread1" daemon [_thread_blocked, id=23488, stack(0x00007fb496723000,0x00007fb496823000)]
  0x00007fb4b40c8800 JavaThread "C2 CompilerThread0" daemon [_thread_blocked, id=23487, stack(0x00007fb496824000,0x00007fb496924000)]
  0x00007fb4b40c7000 JavaThread "Signal Dispatcher" daemon [_thread_blocked, id=23486, stack(0x00007fb496924000,0x00007fb496a25000)]
  0x00007fb4b4095000 JavaThread "Finalizer" daemon [_thread_blocked, id=23485, stack(0x00007fb4973f4000,0x00007fb4974f5000)]
  0x00007fb4b4092800 JavaThread "Reference Handler" daemon [_thread_blocked, id=23484, stack(0x00007fb4974f5000,0x00007fb4975f6000)]
  0x00007fb4b4012800 JavaThread "main" [_thread_blocked, id=23474, stack(0x00007fb4bd863000,0x00007fb4bd963000)]

Other Threads:
=>0x00007fb4b4088800 VMThread [stack: 0x00007fb4975f7000,0x00007fb4976f7000] [id=23483]
  0x00007fb4b485d000 WatcherThread [stack: 0x00007fb495578000,0x00007fb495678000] [id=23495]

VM state:at safepoint (normal execution)

VM Mutex/Monitor currently owned by a thread:  ([mutex/lock_event])
[0x00007fb4b400f2f0] Threads_lock - owner thread: 0x00007fb4b4088800
[0x00007fb4b400f7f0] Heap_lock - owner thread: 0x00007fb430003800

heap address: 0x0000000085400000, size: 1964 MB, Compressed Oops mode: 32-bit
Narrow klass base: 0x0000000000000000, Narrow klass shift: 3
Compressed class space size: 1073741824 Address: 0x0000000100000000

Heap:
 PSYoungGen      total 230912K, used 11247K [0x00000000d7180000, 0x00000000e5e00000, 0x0000000100000000)
  eden space 219648K, 0% used [0x00000000d7180000,0x00000000d7180000,0x00000000e4800000)
  from space 11264K, 99% used [0x00000000e4800000,0x00000000e52fbc50,0x00000000e5300000)
  to   space 9216K, 0% used [0x00000000e5500000,0x00000000e5500000,0x00000000e5e00000)
 ParOldGen       total 49664K, used 9756K [0x0000000085400000, 0x0000000088480000, 0x00000000d7180000)
  object space 49664K, 19% used [0x0000000085400000,0x0000000085d87180,0x0000000088480000)
 Metaspace       used 27360K, capacity 28538K, committed 28848K, reserved 1075200K
  class space    used 3664K, capacity 3939K, committed 4016K, reserved 1048576K

Card table byte_map: [0x00007fb4b9a23000,0x00007fb4b9dfa000] byte_map_base: 0x00007fb4b95f9000

Marking Bits: (ParMarkBitMap*) 0x00007fb4bcaf9360
 Begin Bits: [0x00007fb49c2a0000, 0x00007fb49e150000)
 End Bits:   [0x00007fb49e150000, 0x00007fb4a0000000)

Polling page: 0x00007fb4bd97a000

CodeCache: size=245760Kb used=6165Kb max_used=6165Kb free=239594Kb
 bounds [0x00007fb4a5000000, 0x00007fb4a5610000, 0x00007fb4b4000000]
 total_blobs=3311 nmethods=2897 adapters=327
 compilation: enabled

Compilation events (10 events):
Event: 6.896 Thread 0x00007fb4b40cf800 2895       1       org.springframework.core.convert.support.GenericConversionService$Converters::<init> (5 bytes)
Event: 6.896 Thread 0x00007fb4b40cf800 nmethod 2895 0x00007fb4a5602010 code [0x00007fb4a56021c0, 0x00007fb4a56024d8]
Event: 6.896 Thread 0x00007fb4b40cf800 2896       1       org.springframework.boot.context.properties.bind.BindResult::of (17 bytes)
Event: 6.896 Thread 0x00007fb4b40cf800 nmethod 2896 0x00007fb4a56026d0 code [0x00007fb4a5602820, 0x00007fb4a5602990]
Event: 6.896 Thread 0x00007fb4b40cf800 2897       1       org.springframework.boot.context.properties.bind.Bindable::withExistingValue (77 bytes)
Event: 6.897 Thread 0x00007fb4b40cf800 nmethod 2897 0x00007fb4a5602a10 code [0x00007fb4a5602be0, 0x00007fb4a5603258]
Event: 6.897 Thread 0x00007fb4b40cf800 2898       1       org.springframework.boot.context.properties.bind.Bindable$$Lambda$37/764279066::get$Lambda (9 bytes)
Event: 6.897 Thread 0x00007fb4b40cf800 nmethod 2898 0x00007fb4a5603910 code [0x00007fb4a5603a60, 0x00007fb4a5603bb0]
Event: 6.897 Thread 0x00007fb4b40cf800 2899       1       org.springframework.cloud.autoconfigure.RefreshAutoConfiguration$RefreshScopeBeanDefinitionEnhancer::isApplicable (145 bytes)
Event: 6.899 Thread 0x00007fb4b40cf800 nmethod 2899 0x00007fb4a5603c50 code [0x00007fb4a5603f20, 0x00007fb4a5604b68]

GC Heap History (10 events):
Event: 1.416 GC heap after
Heap after GC invocations=5 (full 0):
 PSYoungGen      total 68608K, used 5103K [0x00000000d7180000, 0x00000000dfe80000, 0x0000000100000000)
  eden space 63488K, 0% used [0x00000000d7180000,0x00000000d7180000,0x00000000daf80000)
  from space 5120K, 99% used [0x00000000daf80000,0x00000000db47bd18,0x00000000db480000)
  to   space 8704K, 0% used [0x00000000df600000,0x00000000df600000,0x00000000dfe80000)
 ParOldGen       total 84992K, used 4600K [0x0000000085400000, 0x000000008a700000, 0x00000000d7180000)
  object space 84992K, 5% used [0x0000000085400000,0x000000008587e030,0x000000008a700000)
 Metaspace       used 17330K, capacity 17878K, committed 18048K, reserved 1064960K
  class space    used 2265K, capacity 2432K, committed 2432K, reserved 1048576K
}
Event: 1.522 GC heap before
{Heap before GC invocations=6 (full 0):
 PSYoungGen      total 68608K, used 41138K [0x00000000d7180000, 0x00000000dfe80000, 0x0000000100000000)
  eden space 63488K, 56% used [0x00000000d7180000,0x00000000d94b0e80,0x00000000daf80000)
  from space 5120K, 99% used [0x00000000daf80000,0x00000000db47bd18,0x00000000db480000)
  to   space 8704K, 0% used [0x00000000df600000,0x00000000df600000,0x00000000dfe80000)
 ParOldGen       total 84992K, used 4600K [0x0000000085400000, 0x000000008a700000, 0x00000000d7180000)
  object space 84992K, 5% used [0x0000000085400000,0x000000008587e030,0x000000008a700000)
 Metaspace       used 20620K, capacity 21222K, committed 21296K, reserved 1067008K
  class space    used 2650K, capacity 2826K, committed 2864K, reserved 1048576K
Event: 1.529 GC heap after
Heap after GC invocations=6 (full 0):
 PSYoungGen      total 134656K, used 8264K [0x00000000d7180000, 0x00000000e0080000, 0x0000000100000000)
  eden space 125952K, 0% used [0x00000000d7180000,0x00000000d7180000,0x00000000dec80000)
  from space 8704K, 94% used [0x00000000df600000,0x00000000dfe121a0,0x00000000dfe80000)
  to   space 9728K, 0% used [0x00000000dec80000,0x00000000dec80000,0x00000000df600000)
 ParOldGen       total 84992K, used 4608K [0x0000000085400000, 0x000000008a700000, 0x00000000d7180000)
  object space 84992K, 5% used [0x0000000085400000,0x0000000085880030,0x000000008a700000)
 Metaspace       used 20620K, capacity 21222K, committed 21296K, reserved 1067008K
  class space    used 2650K, capacity 2826K, committed 2864K, reserved 1048576K
}
Event: 1.529 GC heap before
{Heap before GC invocations=7 (full 1):
 PSYoungGen      total 134656K, used 8264K [0x00000000d7180000, 0x00000000e0080000, 0x0000000100000000)
  eden space 125952K, 0% used [0x00000000d7180000,0x00000000d7180000,0x00000000dec80000)
  from space 8704K, 94% used [0x00000000df600000,0x00000000dfe121a0,0x00000000dfe80000)
  to   space 9728K, 0% used [0x00000000dec80000,0x00000000dec80000,0x00000000df600000)
 ParOldGen       total 84992K, used 4608K [0x0000000085400000, 0x000000008a700000, 0x00000000d7180000)
  object space 84992K, 5% used [0x0000000085400000,0x0000000085880030,0x000000008a700000)
 Metaspace       used 20620K, capacity 21222K, committed 21296K, reserved 1067008K
  class space    used 2650K, capacity 2826K, committed 2864K, reserved 1048576K
Event: 1.552 GC heap after
Heap after GC invocations=7 (full 1):
 PSYoungGen      total 134656K, used 0K [0x00000000d7180000, 0x00000000e0080000, 0x0000000100000000)
  eden space 125952K, 0% used [0x00000000d7180000,0x00000000d7180000,0x00000000dec80000)
  from space 8704K, 0% used [0x00000000df600000,0x00000000df600000,0x00000000dfe80000)
  to   space 9728K, 0% used [0x00000000dec80000,0x00000000dec80000,0x00000000df600000)
 ParOldGen       total 49664K, used 8168K [0x0000000085400000, 0x0000000088480000, 0x00000000d7180000)
  object space 49664K, 16% used [0x0000000085400000,0x0000000085bfa1e0,0x0000000088480000)
 Metaspace       used 20620K, capacity 21222K, committed 21296K, reserved 1067008K
  class space    used 2650K, capacity 2826K, committed 2864K, reserved 1048576K
}
Event: 2.058 GC heap before
{Heap before GC invocations=8 (full 1):
 PSYoungGen      total 134656K, used 125952K [0x00000000d7180000, 0x00000000e0080000, 0x0000000100000000)
  eden space 125952K, 100% used [0x00000000d7180000,0x00000000dec80000,0x00000000dec80000)
  from space 8704K, 0% used [0x00000000df600000,0x00000000df600000,0x00000000dfe80000)
  to   space 9728K, 0% used [0x00000000dec80000,0x00000000dec80000,0x00000000df600000)
 ParOldGen       total 49664K, used 8168K [0x0000000085400000, 0x0000000088480000, 0x00000000d7180000)
  object space 49664K, 16% used [0x0000000085400000,0x0000000085bfa1e0,0x0000000088480000)
 Metaspace       used 24616K, capacity 25514K, committed 25776K, reserved 1071104K
  class space    used 3224K, capacity 3440K, committed 3504K, reserved 1048576K
Event: 2.064 GC heap after
Heap after GC invocations=8 (full 1):
 PSYoungGen      total 135680K, used 8921K [0x00000000d7180000, 0x00000000e5f80000, 0x0000000100000000)
  eden space 125952K, 0% used [0x00000000d7180000,0x00000000d7180000,0x00000000dec80000)
  from space 9728K, 91% used [0x00000000dec80000,0x00000000df536758,0x00000000df600000)
  to   space 10752K, 0% used [0x00000000e5500000,0x00000000e5500000,0x00000000e5f80000)
 ParOldGen       total 49664K, used 8240K [0x0000000085400000, 0x0000000088480000, 0x00000000d7180000)
  object space 49664K, 16% used [0x0000000085400000,0x0000000085c0c1f0,0x0000000088480000)
 Metaspace       used 24616K, capacity 25514K, committed 25776K, reserved 1071104K
  class space    used 3224K, capacity 3440K, committed 3504K, reserved 1048576K
}
Event: 2.269 GC heap before
{Heap before GC invocations=9 (full 1):
 PSYoungGen      total 135680K, used 134873K [0x00000000d7180000, 0x00000000e5f80000, 0x0000000100000000)
  eden space 125952K, 100% used [0x00000000d7180000,0x00000000dec80000,0x00000000dec80000)
  from space 9728K, 91% used [0x00000000dec80000,0x00000000df536758,0x00000000df600000)
  to   space 10752K, 0% used [0x00000000e5500000,0x00000000e5500000,0x00000000e5f80000)
 ParOldGen       total 49664K, used 8240K [0x0000000085400000, 0x0000000088480000, 0x00000000d7180000)
  object space 49664K, 16% used [0x0000000085400000,0x0000000085c0c1f0,0x0000000088480000)
 Metaspace       used 25066K, capacity 26060K, committed 26160K, reserved 1071104K
  class space    used 3289K, capacity 3550K, committed 3632K, reserved 1048576K
Event: 2.275 GC heap after
Heap after GC invocations=9 (full 1):
 PSYoungGen      total 228864K, used 8673K [0x00000000d7180000, 0x00000000e5e00000, 0x0000000100000000)
  eden space 219648K, 0% used [0x00000000d7180000,0x00000000d7180000,0x00000000e4800000)
  from space 9216K, 94% used [0x00000000e5500000,0x00000000e5d78570,0x00000000e5e00000)
  to   space 11264K, 0% used [0x00000000e4800000,0x00000000e4800000,0x00000000e5300000)
 ParOldGen       total 49664K, used 8248K [0x0000000085400000, 0x0000000088480000, 0x00000000d7180000)
  object space 49664K, 16% used [0x0000000085400000,0x0000000085c0e1f0,0x0000000088480000)
 Metaspace       used 25066K, capacity 26060K, committed 26160K, reserved 1071104K
  class space    used 3289K, capacity 3550K, committed 3632K, reserved 1048576K
}
Event: 6.904 GC heap before
{Heap before GC invocations=10 (full 1):
 PSYoungGen      total 228864K, used 228321K [0x00000000d7180000, 0x00000000e5e00000, 0x0000000100000000)
  eden space 219648K, 100% used [0x00000000d7180000,0x00000000e4800000,0x00000000e4800000)
  from space 9216K, 94% used [0x00000000e5500000,0x00000000e5d78570,0x00000000e5e00000)
  to   space 11264K, 0% used [0x00000000e4800000,0x00000000e4800000,0x00000000e5300000)
 ParOldGen       total 49664K, used 8248K [0x0000000085400000, 0x0000000088480000, 0x00000000d7180000)
  object space 49664K, 16% used [0x0000000085400000,0x0000000085c0e1f0,0x0000000088480000)
 Metaspace       used 27360K, capacity 28538K, committed 28848K, reserved 1075200K
  class space    used 3664K, capacity 3939K, committed 4016K, reserved 1048576K

Deoptimization events (0 events):
No events

Classes redefined (0 events):
No events

Internal exceptions (10 events):
Event: 6.778 Thread 0x00007fb444001000 Exception <a 'java/lang/ClassNotFoundException': org/springframework/context/support/LiveBeansView> (0x00000000e3fa25b8) thrown at [/build/openjdk-8-OqY7zN/openjdk-8-8u222-b10/src/hotspot/src/share/vm/classfile/systemDictionary.cpp, line 210]
Event: 6.784 Thread 0x00007fb444001000 Exception <a 'java/lang/ClassNotFoundException': org/springframework/boot/actuate/endpoint/jmx/EndpointMBean> (0x00000000e3fb86a0) thrown at [/build/openjdk-8-OqY7zN/openjdk-8-8u222-b10/src/hotspot/src/share/vm/classfile/systemDictionary.cpp, line 210]
Event: 6.785 Thread 0x00007fb444001000 Exception <a 'java/lang/ClassNotFoundException': org/springframework/boot/actuate/endpoint/jmx/DataEndpointMBean> (0x00000000e3fcc310) thrown at [/build/openjdk-8-OqY7zN/openjdk-8-8u222-b10/src/hotspot/src/share/vm/classfile/systemDictionary.cpp, line 210
Event: 6.785 Thread 0x00007fb444001000 Exception <a 'java/lang/ClassNotFoundException': org/springframework/context/support/LiveBeansView> (0x00000000e3fdff68) thrown at [/build/openjdk-8-OqY7zN/openjdk-8-8u222-b10/src/hotspot/src/share/vm/classfile/systemDictionary.cpp, line 210]
Event: 6.785 Thread 0x00007fb444001000 Exception <a 'java/lang/ClassNotFoundException': org/springframework/boot/actuate/endpoint/jmx/EndpointMBean> (0x00000000e3fe02d0) thrown at [/build/openjdk-8-OqY7zN/openjdk-8-8u222-b10/src/hotspot/src/share/vm/classfile/systemDictionary.cpp, line 210]
Event: 6.785 Thread 0x00007fb444001000 Exception <a 'java/lang/ClassNotFoundException': org/springframework/boot/actuate/endpoint/jmx/DataEndpointMBean> (0x00000000e3fe0828) thrown at [/build/openjdk-8-OqY7zN/openjdk-8-8u222-b10/src/hotspot/src/share/vm/classfile/systemDictionary.cpp, line 210
Event: 6.785 Thread 0x00007fb444001000 Exception <a 'java/lang/ClassNotFoundException': org/springframework/context/support/LiveBeansView> (0x00000000e3fe0d68) thrown at [/build/openjdk-8-OqY7zN/openjdk-8-8u222-b10/src/hotspot/src/share/vm/classfile/systemDictionary.cpp, line 210]
Event: 6.785 Thread 0x00007fb444001000 Exception <a 'java/lang/ClassNotFoundException': org/springframework/boot/actuate/endpoint/jmx/EndpointMBean> (0x00000000e3fe10c0) thrown at [/build/openjdk-8-OqY7zN/openjdk-8-8u222-b10/src/hotspot/src/share/vm/classfile/systemDictionary.cpp, line 210]
Event: 6.786 Thread 0x00007fb444001000 Exception <a 'java/lang/ClassNotFoundException': org/springframework/boot/actuate/endpoint/jmx/DataEndpointMBean> (0x00000000e3fe1608) thrown at [/build/openjdk-8-OqY7zN/openjdk-8-8u222-b10/src/hotspot/src/share/vm/classfile/systemDictionary.cpp, line 210
Event: 6.786 Thread 0x00007fb444001000 Exception <a 'java/lang/ClassNotFoundException': org/springframework/context/support/LiveBeansView> (0x00000000e3fe1b38) thrown at [/build/openjdk-8-OqY7zN/openjdk-8-8u222-b10/src/hotspot/src/share/vm/classfile/systemDictionary.cpp, line 210]

Events (10 events):
Event: 6.845 loading class org/springframework/cloud/context/scope/StandardScopeCache done
Event: 6.846 loading class org/springframework/cloud/context/scope/ScopeCache
Event: 6.846 loading class org/springframework/cloud/context/scope/ScopeCache done
Event: 6.847 loading class org/springframework/cloud/context/scope/GenericScope$LockedScopedProxyFactoryBean
Event: 6.847 loading class org/springframework/cloud/context/scope/GenericScope$LockedScopedProxyFactoryBean done
Event: 6.868 loading class java/util/concurrent/ConcurrentHashMap$EntryIterator
Event: 6.873 loading class java/util/concurrent/ConcurrentHashMap$EntryIterator done
Event: 6.873 loading class java/util/concurrent/ConcurrentHashMap$MapEntry
Event: 6.874 loading class java/util/concurrent/ConcurrentHashMap$MapEntry done
Event: 6.900 Executing VM operation: ParallelGCFailedAllocation


Dynamic libraries:
85400000-88480000 rw-p 00000000 00:00 0 
88480000-d7180000 ---p 00000000 00:00 0 
d7180000-e5e00000 rw-p 00000000 00:00 0 
ebb00000-100000000 ---p 00000000 00:00 0 
100000000-1003ec000 rw-p 00000000 00:00 0 
1003ec000-140000000 ---p 00000000 00:00 0 
56489ee7a000-56489ee7b000 r-xp 00000000 08:02 11013073                   /usr/lib/jvm/java-8-openjdk-amd64/jre/bin/java
56489f07a000-56489f07b000 r--p 00000000 08:02 11013073                   /usr/lib/jvm/java-8-openjdk-amd64/jre/bin/java
56489f07b000-56489f07c000 rw-p 00001000 08:02 11013073                   /usr/lib/jvm/java-8-openjdk-amd64/jre/bin/java
56489f5b2000-56489f5d3000 rw-p 00000000 00:00 0                          [heap]
7fb418000000-7fb418021000 rw-p 00000000 00:00 0 
7fb418021000-7fb41c000000 ---p 00000000 00:00 0 
7fb41c000000-7fb41c021000 rw-p 00000000 00:00 0 
7fb41c021000-7fb420000000 ---p 00000000 00:00 0 
7fb420000000-7fb420021000 rw-p 00000000 00:00 0 
7fb420021000-7fb424000000 ---p 00000000 00:00 0 
7fb424000000-7fb424353000 rw-p 00000000 00:00 0 
7fb424353000-7fb428000000 ---p 00000000 00:00 0 
7fb428000000-7fb428021000 rw-p 00000000 00:00 0 
7fb428021000-7fb42c000000 ---p 00000000 00:00 0 
7fb42c000000-7fb42c021000 rw-p 00000000 00:00 0 
7fb42c021000-7fb430000000 ---p 00000000 00:00 0 
7fb430000000-7fb430021000 rw-p 00000000 00:00 0 
7fb430021000-7fb434000000 ---p 00000000 00:00 0 
7fb434000000-7fb434619000 rw-p 00000000 00:00 0 
7fb434619000-7fb438000000 ---p 00000000 00:00 0 
7fb438000000-7fb438021000 rw-p 00000000 00:00 0 
7fb438021000-7fb43c000000 ---p 00000000 00:00 0 
7fb43c000000-7fb43c021000 rw-p 00000000 00:00 0 
7fb43c021000-7fb440000000 ---p 00000000 00:00 0 
7fb440000000-7fb440021000 rw-p 00000000 00:00 0 
7fb440021000-7fb444000000 ---p 00000000 00:00 0 
7fb444000000-7fb444021000 rw-p 00000000 00:00 0 
7fb444021000-7fb448000000 ---p 00000000 00:00 0 
7fb448000000-7fb448021000 rw-p 00000000 00:00 0 
7fb448021000-7fb44c000000 ---p 00000000 00:00 0 
7fb44c000000-7fb44c021000 rw-p 00000000 00:00 0 
7fb44c021000-7fb450000000 ---p 00000000 00:00 0 
7fb450000000-7fb450021000 rw-p 00000000 00:00 0 
7fb450021000-7fb454000000 ---p 00000000 00:00 0 
7fb454000000-7fb454788000 rw-p 00000000 00:00 0 
7fb454788000-7fb458000000 ---p 00000000 00:00 0 
7fb458000000-7fb458046000 rw-p 00000000 00:00 0 
7fb458046000-7fb45c000000 ---p 00000000 00:00 0 
7fb45c000000-7fb45c021000 rw-p 00000000 00:00 0 
7fb45c021000-7fb460000000 ---p 00000000 00:00 0 
7fb460000000-7fb460021000 rw-p 00000000 00:00 0 
7fb460021000-7fb464000000 ---p 00000000 00:00 0 
7fb464000000-7fb464021000 rw-p 00000000 00:00 0 
7fb464021000-7fb468000000 ---p 00000000 00:00 0 
7fb468000000-7fb468021000 rw-p 00000000 00:00 0 
7fb468021000-7fb46c000000 ---p 00000000 00:00 0 
7fb46c000000-7fb46c021000 rw-p 00000000 00:00 0 
7fb46c021000-7fb470000000 ---p 00000000 00:00 0 
7fb470000000-7fb470021000 rw-p 00000000 00:00 0 
7fb470021000-7fb474000000 ---p 00000000 00:00 0 
7fb474000000-7fb474021000 rw-p 00000000 00:00 0 
7fb474021000-7fb478000000 ---p 00000000 00:00 0 
7fb478000000-7fb478021000 rw-p 00000000 00:00 0 
7fb478021000-7fb47c000000 ---p 00000000 00:00 0 
7fb480000000-7fb480021000 rw-p 00000000 00:00 0 
7fb480021000-7fb484000000 ---p 00000000 00:00 0 
7fb488000000-7fb488021000 rw-p 00000000 00:00 0 
7fb488021000-7fb48c000000 ---p 00000000 00:00 0 
7fb48f400000-7fb48f440000 rw-p 00000000 00:00 0 
7fb48f440000-7fb48f600000 ---p 00000000 00:00 0 
7fb48f600000-7fb48f800000 rw-p 00000000 00:00 0 
7fb48f800000-7fb48fa00000 rw-p 00000000 00:00 0 
7fb48fa00000-7fb48fc00000 rw-p 00000000 00:00 0 
7fb48fc00000-7fb48fe00000 rw-p 00000000 00:00 0 
7fb48fe00000-7fb490000000 rw-p 00000000 00:00 0 
7fb490000000-7fb490021000 rw-p 00000000 00:00 0 
7fb490021000-7fb494000000 ---p 00000000 00:00 0 
7fb494033000-7fb494036000 ---p 00000000 00:00 0 
7fb494036000-7fb494134000 rw-p 00000000 00:00 0 
7fb494134000-7fb49414b000 r-xp 00000000 08:02 21238597                   /lib/x86_64-linux-gnu/libresolv-2.27.so
7fb49414b000-7fb49434b000 ---p 00017000 08:02 21238597                   /lib/x86_64-linux-gnu/libresolv-2.27.so
7fb49434b000-7fb49434c000 r--p 00017000 08:02 21238597                   /lib/x86_64-linux-gnu/libresolv-2.27.so
7fb49434c000-7fb49434d000 rw-p 00018000 08:02 21238597                   /lib/x86_64-linux-gnu/libresolv-2.27.so
7fb49434d000-7fb49434f000 rw-p 00000000 00:00 0 
7fb49434f000-7fb494354000 r-xp 00000000 08:02 21238546                   /lib/x86_64-linux-gnu/libnss_dns-2.27.so
7fb494354000-7fb494554000 ---p 00005000 08:02 21238546                   /lib/x86_64-linux-gnu/libnss_dns-2.27.so
7fb494554000-7fb494555000 r--p 00005000 08:02 21238546                   /lib/x86_64-linux-gnu/libnss_dns-2.27.so
7fb494555000-7fb494556000 rw-p 00006000 08:02 21238546                   /lib/x86_64-linux-gnu/libnss_dns-2.27.so
7fb494556000-7fb494558000 r-xp 00000000 08:02 21238554                   /lib/x86_64-linux-gnu/libnss_mdns4_minimal.so.2
7fb494558000-7fb494757000 ---p 00002000 08:02 21238554                   /lib/x86_64-linux-gnu/libnss_mdns4_minimal.so.2
7fb494757000-7fb494758000 r--p 00001000 08:02 21238554                   /lib/x86_64-linux-gnu/libnss_mdns4_minimal.so.2
7fb494758000-7fb494759000 rw-p 00002000 08:02 21238554                   /lib/x86_64-linux-gnu/libnss_mdns4_minimal.so.2
7fb49476a000-7fb49476f000 r--s 002f9000 08:02 11013125                   /usr/lib/jvm/java-8-openjdk-amd64/jre/lib/charsets.jar
7fb49476f000-7fb494772000 ---p 00000000 00:00 0 
7fb494772000-7fb494a70000 rw-p 00000000 00:00 0 
7fb494a70000-7fb494c70000 rw-p 00000000 00:00 0 
7fb494c70000-7fb494c73000 ---p 00000000 00:00 0 
7fb494c73000-7fb494d71000 rw-p 00000000 00:00 0 
7fb494d71000-7fb494d74000 ---p 00000000 00:00 0 
7fb494d74000-7fb494e72000 rw-p 00000000 00:00 0 
7fb494e72000-7fb494e75000 ---p 00000000 00:00 0 
7fb494e75000-7fb494f73000 rw-p 00000000 00:00 0 
7fb494f73000-7fb494f76000 ---p 00000000 00:00 0 
7fb494f76000-7fb495074000 rw-p 00000000 00:00 0 
7fb495074000-7fb495077000 ---p 00000000 00:00 0 
7fb495077000-7fb495175000 rw-p 00000000 00:00 0 
7fb495175000-7fb495178000 ---p 00000000 00:00 0 
7fb495178000-7fb495276000 rw-p 00000000 00:00 0 
7fb495276000-7fb495279000 ---p 00000000 00:00 0 
7fb495279000-7fb495577000 rw-p 00000000 00:00 0 
7fb495577000-7fb495578000 ---p 00000000 00:00 0 
7fb495578000-7fb495678000 rw-p 00000000 00:00 0 
7fb495678000-7fb49567b000 ---p 00000000 00:00 0 
7fb49567b000-7fb495779000 rw-p 00000000 00:00 0 
7fb495779000-7fb49577c000 ---p 00000000 00:00 0 
7fb49577c000-7fb49587a000 rw-p 00000000 00:00 0 
7fb49587a000-7fb49587d000 ---p 00000000 00:00 0 
7fb49587d000-7fb49597b000 rw-p 00000000 00:00 0 
7fb49597b000-7fb495980000 r--s 000a3000 08:02 11013315                   /usr/lib/jvm/java-8-openjdk-amd64/jre/lib/jsse.jar
7fb495980000-7fb4959a0000 r--s 000fa000 08:02 4719175                    /home/user/.m2/repository/org/springframework/boot/spring-boot-autoconfigure/2.0.1.RELEASE/spring-boot-autoconfigure-2.0.1.RELEASE.jar
7fb4959a0000-7fb4959b5000 r--s 000ce000 08:02 4719173                    /home/user/.m2/repository/org/springframework/boot/spring-boot/2.0.1.RELEASE/spring-boot-2.0.1.RELEASE.jar
7fb4959b5000-7fb4959bb000 r--s 0002d000 08:02 4719171                    /home/user/.m2/repository/org/springframework/boot/spring-boot-devtools/2.0.1.RELEASE/spring-boot-devtools-2.0.1.RELEASE.jar
7fb4959bb000-7fb4959bc000 r--s 00000000 08:02 5113713                    /home/user/.m2/repository/javax/inject/javax.inject/1/javax.inject-1.jar
7fb4959bc000-7fb4959be000 r--s 00005000 08:02 10092688                   /home/user/.m2/repository/xpp3/xpp3_min/1.1.4c/xpp3_min-1.1.4c.jar
7fb4959be000-7fb4959bf000 r--s 00001000 08:02 10093018                   /home/user/.m2/repository/xmlpull/xmlpull/1.1.3.1/xmlpull-1.1.3.1.jar
7fb4959bf000-7fb4959cd000 r--s 00082000 08:02 12601322                   /home/user/.m2/repository/com/thoughtworks/xstream/xstream/1.4.10/xstream-1.4.10.jar
7fb4959cd000-7fb4959cf000 r--s 00003000 08:02 14026049                   /home/user/.m2/repository/com/netflix/ribbon/ribbon-eureka/2.2.5/ribbon-eureka-2.2.5.jar
7fb4959cf000-7fb4959e8000 r--s 00102000 08:02 14025689                   /home/user/.m2/repository/io/reactivex/rxjava/1.3.8/rxjava-1.3.8.jar
7fb4959e8000-7fb4959ea000 r--s 00002000 08:02 14025687                   /home/user/.m2/repository/com/netflix/netflix-commons/netflix-statistics/0.1.1/netflix-statistics-0.1.1.jar
7fb4959ea000-7fb4959ee000 r--s 00024000 08:02 14026047                   /home/user/.m2/repository/com/netflix/ribbon/ribbon-loadbalancer/2.2.5/ribbon-loadbalancer-2.2.5.jar
7fb4959ee000-7fb4959f0000 r--s 00001000 08:02 14025683                   /home/user/.m2/repository/com/netflix/netflix-commons/netflix-commons-util/0.3.0/netflix-commons-util-0.3.0.jar
7fb4959f0000-7fb4959fd000 r--s 00083000 08:02 14025681                   /home/user/.m2/repository/commons-collections/commons-collections/3.2.2/commons-collections-3.2.2.jar
7fb4959fd000-7fb4959ff000 r--s 0000c000 08:02 14026045                   /home/user/.m2/repository/com/netflix/ribbon/ribbon-httpclient/2.2.5/ribbon-httpclient-2.2.5.jar
7fb4959ff000-7fb495a03000 r--s 00011000 08:02 14026043                   /home/user/.m2/repository/com/netflix/ribbon/ribbon-core/2.2.5/ribbon-core-2.2.5.jar
7fb495a03000-7fb495a0d000 r--s 00059000 08:02 14025675                   /home/user/.m2/repository/io/reactivex/rxnetty/0.4.9/rxnetty-0.4.9.jar
7fb495a0d000-7fb495a0f000 r--s 0001a000 08:02 7866133                    /home/user/.m2/repository/org/hdrhistogram/HdrHistogram/2.1.9/HdrHistogram-2.1.9.jar
7fb495a0f000-7fb495a1b000 r--s 00068000 08:02 14026041                   /home/user/.m2/repository/com/netflix/hystrix/hystrix-core/1.5.12/hystrix-core-1.5.12.jar
7fb495a1b000-7fb495a1d000 r--s 00006000 08:02 14025671                   /home/user/.m2/repository/io/reactivex/rxnetty-servo/0.4.9/rxnetty-servo-0.4.9.jar
7fb495a1d000-7fb495a20000 r--s 0000b000 08:02 14025669                   /home/user/.m2/repository/io/reactivex/rxnetty-contexts/0.4.9/rxnetty-contexts-0.4.9.jar
7fb495a20000-7fb495a21000 r--s 00009000 08:02 14026039                   /home/user/.m2/repository/com/netflix/ribbon/ribbon-transport/2.2.5/ribbon-transport-2.2.5.jar
7fb495a21000-7fb495a25000 r--s 00012000 08:02 14026037                   /home/user/.m2/repository/com/netflix/ribbon/ribbon/2.2.5/ribbon-2.2.5.jar
7fb495a25000-7fb495a26000 r--s 00000000 08:02 14026035                   /home/user/.m2/repository/org/springframework/cloud/spring-cloud-starter-netflix-ribbon/2.0.2.RELEASE/spring-cloud-starter-netflix-ribbon-2.0.2.RELEASE.jar
7fb495a26000-7fb495a2b000 r--s 00041000 08:02 11669492                   /home/user/.m2/repository/commons-lang/commons-lang/2.6/commons-lang-2.6.jar
7fb495a2b000-7fb495a32000 r--s 00050000 08:02 14025661                   /home/user/.m2/repository/commons-configuration/commons-configuration/1.8/commons-configuration-1.8.jar
7fb495a32000-7fb495a33000 r--s 00003000 08:02 14026033                   /home/user/.m2/repository/org/springframework/cloud/spring-cloud-netflix-archaius/2.0.2.RELEASE/spring-cloud-netflix-archaius-2.0.2.RELEASE.jar
7fb495a33000-7fb495a37000 r--s 00016000 08:02 14026031                   /home/user/.m2/repository/org/springframework/cloud/spring-cloud-netflix-ribbon/2.0.2.RELEASE/spring-cloud-netflix-ribbon-2.0.2.RELEASE.jar
7fb495a37000-7fb495a38000 r--s 00000000 08:02 14026029                   /home/user/.m2/repository/org/springframework/cloud/spring-cloud-starter-netflix-archaius/2.0.2.RELEASE/spring-cloud-starter-netflix-archaius-2.0.2.RELEASE.jar
7fb495a38000-7fb495a3c000 r--s 00024000 08:02 14025653                   /home/user/.m2/repository/org/codehaus/woodstox/stax2-api/3.1.4/stax2-api-3.1.4.jar
7fb495a3c000-7fb495a3e000 r--s 00004000 08:02 13895491                   /home/user/.m2/repository/javax/xml/stream/stax-api/1.0-2/stax-api-1.0-2.jar
7fb495a3e000-7fb495a44000 r--s 00071000 08:02 14026027                   /home/user/.m2/repository/org/codehaus/woodstox/woodstox-core-asl/4.4.1/woodstox-core-asl-4.4.1.jar
7fb495a44000-7fb495a49000 r--s 00039000 08:02 14026025                   /home/user/.m2/repository/com/netflix/eureka/eureka-core/1.9.3/eureka-core-1.9.3.jar
7fb495a49000-7fb495a4e000 r--s 00024000 08:02 14025635                   /home/user/.m2/repository/com/github/andrewoma/dexx/dexx-collections/0.2/dexx-collections-0.2.jar
7fb495a4e000-7fb495a4f000 r--s 00004000 08:02 14025633                   /home/user/.m2/repository/com/github/vlsi/compactmap/compactmap/1.2.1/compactmap-1.2.1.jar
7fb495a4f000-7fb495a51000 r--s 00000000 08:02 4588681                    /home/user/.m2/repository/aopalliance/aopalliance/1.0/aopalliance-1.0.jar
7fb495a51000-7fb495a5f000 r--s 00097000 08:02 14025631                   /home/user/.m2/repository/com/google/inject/guice/4.1.0/guice-4.1.0.jar
7fb495a5f000-7fb495a61000 r--s 00003000 08:02 14025629                   /home/user/.m2/repository/com/sun/jersey/contribs/jersey-apache-client4/1.19.1/jersey-apache-client4-1.19.1.jar
7fb495a61000-7fb495a64000 r--s 0001e000 08:02 14025627                   /home/user/.m2/repository/com/sun/jersey/jersey-client/1.19.1/jersey-client-1.19.1.jar
7fb495a64000-7fb495a6e000 r--s 00061000 08:02 13633507                   /home/user/.m2/repository/com/sun/jersey/jersey-core/1.19.1/jersey-core-1.19.1.jar
7fb495a6e000-7fb495a73000 r--s 00033000 08:02 14025625                   /home/user/.m2/repository/com/netflix/servo/servo-core/0.12.21/servo-core-0.12.21.jar
7fb495a73000-7fb495a75000 r--s 0000a000 08:02 13239765                   /home/user/.m2/repository/javax/ws/rs/jsr311-api/1.1.1/jsr311-api-1.1.1.jar
7fb495a75000-7fb495a79000 r--s 0001f000 08:02 14025645                   /home/user/.m2/repository/com/netflix/archaius/archaius-core/0.7.6/archaius-core-0.7.6.jar
7fb495a79000-7fb495a8c000 r--s 000df000 08:02 12326284                   /home/user/.m2/repository/org/apache/commons/commons-math/2.2/commons-math-2.2.jar
7fb495a8c000-7fb495a91000 r--s 00034000 08:02 11148769                   /home/user/.m2/repository/com/google/code/gson/gson/2.8.2/gson-2.8.2.jar
7fb495a91000-7fb495a94000 r--s 00022000 08:02 10749827                   /home/user/.m2/repository/org/antlr/stringtemplate/3.2.1/stringtemplate-3.2.1.jar
7fb495a94000-7fb495a98000 r--s 00025000 08:02 10225433                   /home/user/.m2/repository/org/antlr/antlr-runtime/3.4/antlr-runtime-3.4.jar
7fb495a98000-7fb495a9e000 r--s 00044000 08:02 14025623                   /home/user/.m2/repository/commons-jxpath/commons-jxpath/1.3/commons-jxpath-1.3.jar
7fb495a9e000-7fb495aa1000 r--s 00016000 08:02 14025621                   /home/user/.m2/repository/com/netflix/netflix-commons/netflix-infix/0.3.0/netflix-infix-0.3.0.jar
7fb495aa1000-7fb495aa3000 r--s 0000f000 08:02 14025619                   /home/user/.m2/repository/com/netflix/netflix-commons/netflix-eventbus/0.3.0/netflix-eventbus-0.3.0.jar
7fb495aa3000-7fb495aa5000 r--s 00005000 08:02 13895483                   /home/user/.m2/repository/stax/stax-api/1.0.1/stax-api-1.0.1.jar
7fb495aa5000-7fb495aa8000 r--s 00012000 08:02 9308123                    /home/user/.m2/repository/org/codehaus/jettison/jettison/1.3.7/jettison-1.3.7.jar
7fb495aa8000-7fb495ab2000 r--s 00062000 08:02 14026023                   /home/user/.m2/repository/com/netflix/eureka/eureka-client/1.9.3/eureka-client-1.9.3.jar
7fb495ab2000-7fb495ab5000 r--s 00015000 08:02 14026021                   /home/user/.m2/repository/org/springframework/cloud/spring-cloud-netflix-eureka-client/2.0.2.RELEASE/spring-cloud-netflix-eureka-client-2.0.2.RELEASE.jar
7fb495ab5000-7fb495ab7000 r--s 00005000 08:02 14026019                   /home/user/.m2/repository/org/springframework/cloud/spring-cloud-netflix-core/2.0.2.RELEASE/spring-cloud-netflix-core-2.0.2.RELEASE.jar
7fb495ab7000-7fb495b0f000 r--s 003a7000 08:02 6693110                    /home/user/.m2/repository/org/bouncycastle/bcprov-jdk15on/1.60/bcprov-jdk15on-1.60.jar
7fb495b0f000-7fb495b22000 r--s 000b0000 08:02 4458274                    /home/user/.m2/repository/org/bouncycastle/bcpkix-jdk15on/1.60/bcpkix-jdk15on-1.60.jar
7fb495b22000-7fb495b23000 r--s 00004000 08:02 6424538                    /home/user/.m2/repository/org/springframework/security/spring-security-rsa/1.0.7.RELEASE/spring-security-rsa-1.0.7.RELEASE.jar
7fb495b23000-7fb495b28000 r--s 0001b000 08:02 14025970                   /home/user/.m2/repository/org/springframework/cloud/spring-cloud-commons/2.0.2.RELEASE/spring-cloud-commons-2.0.2.RELEASE.jar
7fb495b28000-7fb495b2a000 r--s 00010000 08:02 11148767                   /home/user/.m2/repository/org/springframework/security/spring-security-crypto/5.0.4.RELEASE/spring-security-crypto-5.0.4.RELEASE.jar
7fb495b2a000-7fb495b2d000 r--s 00017000 08:02 14025968                   /home/user/.m2/repository/org/springframework/cloud/spring-cloud-context/2.0.2.RELEASE/spring-cloud-context-2.0.2.RELEASE.jar
7fb495b2d000-7fb495b2e000 r--s 00000000 08:02 14025966                   /home/user/.m2/repository/org/springframework/cloud/spring-cloud-starter/2.0.2.RELEASE/spring-cloud-starter-2.0.2.RELEASE.jar
7fb495b2e000-7fb495b2f000 r--s 00000000 08:02 14025964                   /home/user/.m2/repository/org/springframework/cloud/spring-cloud-starter-netflix-eureka-client/2.0.2.RELEASE/spring-cloud-starter-netflix-eureka-client-2.0.2.RELEASE.jar
7fb495b2f000-7fb495b33000 r--s 0001b000 08:02 4590498                    /home/user/.m2/repository/javax/xml/bind/jaxb-api/2.3.0/jaxb-api-2.3.0.jar
7fb495b33000-7fb495b43000 r--s 0014c000 08:02 4719450                    /home/user/.m2/repository/com/google/protobuf/protobuf-java/3.6.1/protobuf-java-3.6.1.jar
7fb495b43000-7fb495b5a000 r--s 001f2000 08:02 9963086                    /home/user/.m2/repository/mysql/mysql-connector-java/8.0.13/mysql-connector-java-8.0.13.jar
7fb495b5a000-7fb495b5c000 r--s 0000a000 08:02 4719167                    /home/user/.m2/repository/org/springframework/spring-aspects/5.0.5.RELEASE/spring-aspects-5.0.5.RELEASE.jar
7fb495b5c000-7fb495b64000 r--s 00037000 08:02 4719165                    /home/user/.m2/repository/org/springframework/spring-tx/5.0.5.RELEASE/spring-tx-5.0.5.RELEASE.jar
7fb495b64000-7fb495b68000 r--s 0002b000 08:02 4719163                    /home/user/.m2/repository/org/springframework/spring-orm/5.0.5.RELEASE/spring-orm-5.0.5.RELEASE.jar
7fb495b68000-7fb495b7f000 r--s 000f0000 08:02 4719161                    /home/user/.m2/repository/org/springframework/data/spring-data-commons/2.0.6.RELEASE/spring-data-commons-2.0.6.RELEASE.jar
7fb495b7f000-7fb495b87000 r--s 0004a000 08:02 4719159                    /home/user/.m2/repository/org/springframework/data/spring-data-jpa/2.0.6.RELEASE/spring-data-jpa-2.0.6.RELEASE.jar
7fb495b87000-7fb495b89000 r--s 00006000 08:02 4719157                    /home/user/.m2/repository/javax/transaction/javax.transaction-api/1.2/javax.transaction-api-1.2.jar
7fb495b89000-7fb495b8c000 r--s 00010000 08:02 4719155                    /home/user/.m2/repository/org/hibernate/common/hibernate-commons-annotations/5.0.1.Final/hibernate-commons-annotations-5.0.1.Final.jar
7fb495b8c000-7fb495b91000 r--s 00048000 08:02 4719153                    /home/user/.m2/repository/dom4j/dom4j/1.6.1/dom4j-1.6.1.jar
7fb495b91000-7fb495b94000 r--s 0002b000 08:02 4719151                    /home/user/.m2/repository/org/jboss/jandex/2.0.3.Final/jandex-2.0.3.Final.jar
7fb495b94000-7fb495b99000 r--s 00068000 08:02 4719149                    /home/user/.m2/repository/antlr/antlr/2.7.7/antlr-2.7.7.jar
7fb495b99000-7fb495ba3000 r--s 000ab000 08:02 4719147                    /home/user/.m2/repository/org/javassist/javassist/3.22.0-GA/javassist-3.22.0-GA.jar
7fb495ba3000-7fb495ba8000 r--s 00017000 08:02 4719145                    /home/user/.m2/repository/org/hibernate/javax/persistence/hibernate-jpa-2.1-api/1.0.0.Final/hibernate-jpa-2.1-api-1.0.0.Final.jar
7fb495ba8000-7fb495c25000 r--s 005ee000 08:02 4719143                    /home/user/.m2/repository/org/hibernate/hibernate-core/5.2.16.Final/hibernate-core-5.2.16.Final.jar
7fb495c25000-7fb495c2e000 r--s 00059000 08:02 4719141                    /home/user/.m2/repository/org/springframework/spring-jdbc/5.0.5.RELEASE/spring-jdbc-5.0.5.RELEASE.jar
7fb495c2e000-7fb495c31000 r--s 00020000 08:02 4719139                    /home/user/.m2/repository/com/zaxxer/HikariCP/2.7.8/HikariCP-2.7.8.jar
7fb495c31000-7fb495c32000 r--s 00000000 08:02 4719137                    /home/user/.m2/repository/org/springframework/boot/spring-boot-starter-jdbc/2.0.1.RELEASE/spring-boot-starter-jdbc-2.0.1.RELEASE.jar
7fb495c32000-7fb495c4b000 r--s 001bf000 08:02 4719135                    /home/user/.m2/repository/org/aspectj/aspectjweaver/1.8.13/aspectjweaver-1.8.13.jar
7fb495c4b000-7fb495c4c000 r--s 00000000 08:02 4719133                    /home/user/.m2/repository/org/springframework/boot/spring-boot-starter-aop/2.0.1.RELEASE/spring-boot-starter-aop-2.0.1.RELEASE.jar
7fb495c4c000-7fb495c4d000 r--s 00000000 08:02 4719131                    /home/user/.m2/repository/org/springframework/boot/spring-boot-starter-data-jpa/2.0.1.RELEASE/spring-boot-starter-data-jpa-2.0.1.RELEASE.jar
7fb495c4d000-7fb495c5c000 r--s 000b2000 08:02 4719123                    /home/user/.m2/repository/org/springframework/spring-webmvc/5.0.5.RELEASE/spring-webmvc-5.0.5.RELEASE.jar
7fb495c5c000-7fb495c5e000 r--s 0000e000 08:02 4719121                    /home/user/.m2/repository/com/fasterxml/classmate/1.3.4/classmate-1.3.4.jar
7fb495c5e000-7fb495c60000 r--s 0000f000 08:02 4719119                    /home/user/.m2/repository/org/jboss/logging/jboss-logging/3.3.2.Final/jboss-logging-3.3.2.Final.jar
7fb495c60000-7fb495c65000 r--s 00012000 08:02 4719117                    /home/user/.m2/repository/javax/validation/validation-api/2.0.1.Final/validation-api-2.0.1.Final.jar
7fb495c65000-7fb495c82000 r--s 000f8000 08:02 4719115                    /home/user/.m2/repository/org/hibernate/validator/hibernate-validator/6.0.9.Final/hibernate-validator-6.0.9.Final.jar
7fb495c82000-7fb495c87000 r--s 0003a000 08:02 4719113                    /home/user/.m2/repository/org/apache/tomcat/embed/tomcat-embed-websocket/8.5.29/tomcat-embed-websocket-8.5.29.jar
7fb495c87000-7fb495c8b000 r--s 00037000 08:02 4719111                    /home/user/.m2/repository/org/apache/tomcat/embed/tomcat-embed-el/8.5.29/tomcat-embed-el-8.5.29.jar
7fb495c8b000-7fb495cb5000 r--s 002cc000 08:02 4719109                    /home/user/.m2/repository/org/apache/tomcat/embed/tomcat-embed-core/8.5.29/tomcat-embed-core-8.5.29.jar
7fb495cb5000-7fb495cb6000 r--s 00000000 08:02 4719107                    /home/user/.m2/repository/org/springframework/boot/spring-boot-starter-tomcat/2.0.1.RELEASE/spring-boot-starter-tomcat-2.0.1.RELEASE.jar
7fb495cb6000-7fb495cb8000 r--s 00001000 08:02 4719105                    /home/user/.m2/repository/com/fasterxml/jackson/module/jackson-module-parameter-names/2.9.5/jackson-module-parameter-names-2.9.5.jar
7fb495cb8000-7fb495cbb000 r--s 00016000 08:02 4719103                    /home/user/.m2/repository/com/fasterxml/jackson/datatype/jackson-datatype-jsr310/2.9.5/jackson-datatype-jsr310-2.9.5.jar
7fb495cbb000-7fb495cbd000 r--s 00007000 08:02 4719101                    /home/user/.m2/repository/com/fasterxml/jackson/datatype/jackson-datatype-jdk8/2.9.5/jackson-datatype-jdk8-2.9.5.jar
7fb495cbd000-7fb495cbe000 r--s 00000000 08:02 4719099                    /home/user/.m2/repository/org/springframework/boot/spring-boot-starter-json/2.0.1.RELEASE/spring-boot-starter-json-2.0.1.RELEASE.jar
7fb495cbe000-7fb495cbf000 r--s 00000000 08:02 4719079                    /home/user/.m2/repository/org/springframework/boot/spring-boot-starter-web/2.0.1.RELEASE/spring-boot-starter-web-2.0.1.RELEASE.jar
7fb495cbf000-7fb495cce000 r--s 000b0000 08:02 4588616                    /home/user/.m2/repository/org/codehaus/jackson/jackson-mapper-asl/1.9.12/jackson-mapper-asl-1.9.12.jar
7fb495cce000-7fb495cd2000 r--s 00035000 08:02 4588614                    /home/user/.m2/repository/org/codehaus/jackson/jackson-core-asl/1.9.12/jackson-core-asl-1.9.12.jar
7fb495cd2000-7fb495cd3000 r--s 00006000 08:02 4588609                    /home/user/.m2/repository/org/codehaus/jackson/jackson-xc/1.9.12/jackson-xc-1.9.12.jar
7fb495cd3000-7fb495ced000 r--s 00119000 08:02 4590349                    /home/user/.m2/repository/org/springframework/spring-web/5.0.5.RELEASE/spring-web-5.0.5.RELEASE.jar
7fb495ced000-7fb495cef000 r--s 0000e000 08:02 4719077                    /home/user/.m2/repository/javax/activation/activation/1.1/activation-1.1.jar
7fb495cef000-7fb495cf6000 r--s 00078000 08:02 4719075                    /home/user/.m2/repository/javax/mail/mail/1.5.0-b01/mail-1.5.0-b01.jar
7fb495cf6000-7fb495d0d000 r--s 0018d000 08:02 4719073                    /home/user/.m2/repository/org/projectlombok/lombok/1.18.6/lombok-1.18.6.jar
7fb495d0d000-7fb495d20000 r--s 00135000 08:02 4590347                    /home/user/.m2/repository/com/fasterxml/jackson/core/jackson-databind/2.9.5/jackson-databind-2.9.5.jar
7fb495d20000-7fb495d23000 r--s 0000e000 08:02 4590345                    /home/user/.m2/repository/com/fasterxml/jackson/core/jackson-annotations/2.9.0/jackson-annotations-2.9.0.jar
7fb495d23000-7fb495d27000 r--s 0004b000 08:02 4590341                    /home/user/.m2/repository/com/fasterxml/jackson/core/jackson-core/2.9.5/jackson-core-2.9.5.jar
7fb495d27000-7fb495d2e000 r--s 00049000 08:02 4590339                    /home/user/.m2/repository/org/apache/httpcomponents/httpcore/4.4.9/httpcore-4.4.9.jar
7fb495d2e000-7fb495d31000 r--s 00012000 08:02 4590335                    /home/user/.m2/repository/io/jsonwebtoken/jjwt/0.4/jjwt-0.4.jar
7fb495d31000-7fb495d42000 r--s 0008a000 08:02 4590333                    /home/user/.m2/repository/joda-time/joda-time/2.9.9/joda-time-2.9.9.jar
7fb495d42000-7fb495d6d000 r--s 001fc000 08:02 4590331                    /home/user/.m2/repository/com/google/guava/guava/18.0/guava-18.0.jar
7fb495d6d000-7fb495d9e000 r--s 00309000 08:02 4590329                    /home/user/.m2/repository/com/twilio/sdk/twilio/7.37.4/twilio-7.37.4.jar
7fb495d9e000-7fb495da5000 r--s 0004b000 08:02 4590327                    /home/user/.m2/repository/commons-codec/commons-codec/1.11/commons-codec-1.11.jar
7fb495da5000-7fb495db3000 r--s 000ae000 08:02 4590325                    /home/user/.m2/repository/org/apache/httpcomponents/httpclient/4.5.5/httpclient-4.5.5.jar
7fb495db3000-7fb495dbb000 r--s 00098000 08:02 11141960                   /home/user/.m2/repository/com/sun/mail/javax.mail/1.6.1/javax.mail-1.6.1.jar
7fb495dbb000-7fb495dc0000 r--s 00027000 08:02 11016622                   /home/user/.m2/repository/org/springframework/spring-context-support/5.0.5.RELEASE/spring-context-support-5.0.5.RELEASE.jar
7fb495dc0000-7fb495dc5000 r--s 0003f000 08:02 4719129                    /home/user/.m2/repository/org/springframework/spring-expression/5.0.5.RELEASE/spring-expression-5.0.5.RELEASE.jar
7fb495dc5000-7fb495dd2000 r--s 00095000 08:02 4590351                    /home/user/.m2/repository/org/springframework/spring-beans/5.0.5.RELEASE/spring-beans-5.0.5.RELEASE.jar
7fb495dd2000-7fb495dec000 r--s 000f1000 08:02 4719127                    /home/user/.m2/repository/org/springframework/spring-context/5.0.5.RELEASE/spring-context-5.0.5.RELEASE.jar
7fb495dec000-7fb495dfd000 r-xp 00000000 08:02 11013113                   /usr/lib/jvm/java-8-openjdk-amd64/jre/lib/amd64/libnio.so
7fb495dfd000-7fb495ffc000 ---p 00011000 08:02 11013113                   /usr/lib/jvm/java-8-openjdk-amd64/jre/lib/amd64/libnio.so
7fb495ffc000-7fb495ffd000 r--p 00010000 08:02 11013113                   /usr/lib/jvm/java-8-openjdk-amd64/jre/lib/amd64/libnio.so
7fb495ffd000-7fb495ffe000 rw-p 00011000 08:02 11013113                   /usr/lib/jvm/java-8-openjdk-amd64/jre/lib/amd64/libnio.so
7fb495ffe000-7fb496014000 r-xp 00000000 08:02 11013112                   /usr/lib/jvm/java-8-openjdk-amd64/jre/lib/amd64/libnet.so
7fb496014000-7fb496213000 ---p 00016000 08:02 11013112                   /usr/lib/jvm/java-8-openjdk-amd64/jre/lib/amd64/libnet.so
7fb496213000-7fb496214000 r--p 00015000 08:02 11013112                   /usr/lib/jvm/java-8-openjdk-amd64/jre/lib/amd64/libnet.so
7fb496214000-7fb496215000 rw-p 00016000 08:02 11013112                   /usr/lib/jvm/java-8-openjdk-amd64/jre/lib/amd64/libnet.so
7fb496215000-7fb49621e000 r-xp 00000000 08:02 11013110                   /usr/lib/jvm/java-8-openjdk-amd64/jre/lib/amd64/libmanagement.so
7fb49621e000-7fb49641d000 ---p 00009000 08:02 11013110                   /usr/lib/jvm/java-8-openjdk-amd64/jre/lib/amd64/libmanagement.so
7fb49641d000-7fb49641e000 r--p 00008000 08:02 11013110                   /usr/lib/jvm/java-8-openjdk-amd64/jre/lib/amd64/libmanagement.so
7fb49641e000-7fb49641f000 rw-p 00009000 08:02 11013110                   /usr/lib/jvm/java-8-openjdk-amd64/jre/lib/amd64/libmanagement.so
7fb49641f000-7fb496422000 ---p 00000000 00:00 0 
7fb496422000-7fb496520000 rw-p 00000000 00:00 0 
7fb496520000-7fb496521000 ---p 00000000 00:00 0 
7fb496521000-7fb496524000 ---p 00000000 00:00 0 
7fb496524000-7fb496621000 rw-p 00000000 00:00 0 
7fb496621000-7fb496622000 ---p 00000000 00:00 0 
7fb496622000-7fb496625000 ---p 00000000 00:00 0 
7fb496625000-7fb496722000 rw-p 00000000 00:00 0 
7fb496722000-7fb496723000 ---p 00000000 00:00 0 
7fb496723000-7fb496726000 ---p 00000000 00:00 0 
7fb496726000-7fb496823000 rw-p 00000000 00:00 0 
7fb496823000-7fb496824000 ---p 00000000 00:00 0 
7fb496824000-7fb496827000 ---p 00000000 00:00 0 
7fb496827000-7fb496924000 rw-p 00000000 00:00 0 
7fb496924000-7fb496927000 ---p 00000000 00:00 0 
7fb496927000-7fb496a25000 rw-p 00000000 00:00 0 
7fb496a25000-7fb4973f4000 r--p 00000000 08:02 11016815                   /usr/lib/locale/locale-archive
7fb4973f4000-7fb4973f7000 ---p 00000000 00:00 0 
7fb4973f7000-7fb4974f5000 rw-p 00000000 00:00 0 
7fb4974f5000-7fb4974f8000 ---p 00000000 00:00 0 
7fb4974f8000-7fb4975f6000 rw-p 00000000 00:00 0 
7fb4975f6000-7fb4975f7000 ---p 00000000 00:00 0 
7fb4975f7000-7fb498000000 rw-p 00000000 00:00 0 
7fb498000000-7fb498021000 rw-p 00000000 00:00 0 
7fb498021000-7fb49c000000 ---p 00000000 00:00 0 
7fb49c000000-7fb49c002000 r--s 00009000 08:02 4590337                    /home/user/.m2/repository/org/slf4j/slf4j-api/1.7.25/slf4j-api-1.7.25.jar
7fb49c002000-7fb49c00b000 r--s 00051000 08:02 4719125                    /home/user/.m2/repository/org/springframework/spring-aop/5.0.5.RELEASE/spring-aop-5.0.5.RELEASE.jar
7fb49c00b000-7fb49c012000 r--s 00042000 08:02 4719097                    /home/user/.m2/repository/org/yaml/snakeyaml/1.19/snakeyaml-1.19.jar
7fb49c012000-7fb49c014000 r--s 00004000 08:02 4590469                    /home/user/.m2/repository/org/springframework/spring-jcl/5.0.5.RELEASE/spring-jcl-5.0.5.RELEASE.jar
7fb49c014000-7fb49c02c000 r--s 00114000 08:02 4590467                    /home/user/.m2/repository/org/springframework/spring-core/5.0.5.RELEASE/spring-core-5.0.5.RELEASE.jar
7fb49c02c000-7fb49c037000 r--s 00069000 08:02 4719087                    /home/user/.m2/repository/ch/qos/logback/logback-core/1.2.3/logback-core-1.2.3.jar
7fb49c037000-7fb49c052000 r--s 00394000 08:02 11013146                   /usr/lib/jvm/java-8-openjdk-amd64/jre/lib/ext/cldrdata.jar
7fb49c052000-7fb49c06d000 r--s 001d6000 08:02 11013187                   /usr/lib/jvm/java-8-openjdk-amd64/jre/lib/ext/nashorn.jar
7fb49c06d000-7fb4a0000000 rw-p 00000000 00:00 0 
7fb4a0000000-7fb4a0021000 rw-p 00000000 00:00 0 
7fb4a0021000-7fb4a4000000 ---p 00000000 00:00 0 
7fb4a4000000-7fb4a4002000 r--s 00005000 08:02 4719095                    /home/user/.m2/repository/javax/annotation/javax.annotation-api/1.3.2/javax.annotation-api-1.3.2.jar
7fb4a4002000-7fb4a4004000 r--s 00000000 08:02 4719093                    /home/user/.m2/repository/org/slf4j/jul-to-slf4j/1.7.25/jul-to-slf4j-1.7.25.jar
7fb4a4004000-7fb4a400a000 r--s 00039000 08:02 4719091                    /home/user/.m2/repository/org/apache/logging/log4j/log4j-api/2.10.0/log4j-api-2.10.0.jar
7fb4a400a000-7fb4a5000000 rw-p 00000000 00:00 0 
7fb4a5000000-7fb4a5610000 rwxp 00000000 00:00 0 
7fb4a5610000-7fb4b4000000 ---p 00000000 00:00 0 
7fb4b4000000-7fb4b4c49000 rw-p 00000000 00:00 0 
7fb4b4c49000-7fb4b8000000 ---p 00000000 00:00 0 
7fb4b8000000-7fb4b8170000 rw-p 00000000 00:00 0 
7fb4b8170000-7fb4b8340000 r--s 03c5c000 08:02 11013321                   /usr/lib/jvm/java-8-openjdk-amd64/jre/lib/rt.jar
7fb4b8340000-7fb4b8f8c000 rw-p 00000000 00:00 0 
7fb4b8f8c000-7fb4b8f8d000 ---p 00000000 00:00 0 
7fb4b8f8d000-7fb4b908d000 rw-p 00000000 00:00 0 
7fb4b908d000-7fb4b908e000 ---p 00000000 00:00 0 
7fb4b908e000-7fb4b918e000 rw-p 00000000 00:00 0 
7fb4b918e000-7fb4b918f000 ---p 00000000 00:00 0 
7fb4b918f000-7fb4b928f000 rw-p 00000000 00:00 0 
7fb4b928f000-7fb4b9290000 ---p 00000000 00:00 0 
7fb4b9290000-7fb4b9390000 rw-p 00000000 00:00 0 
7fb4b9390000-7fb4b9391000 ---p 00000000 00:00 0 
7fb4b9391000-7fb4b9491000 rw-p 00000000 00:00 0 
7fb4b9491000-7fb4b9492000 ---p 00000000 00:00 0 
7fb4b9492000-7fb4b9592000 rw-p 00000000 00:00 0 
7fb4b9592000-7fb4b9593000 ---p 00000000 00:00 0 
7fb4b9593000-7fb4b9693000 rw-p 00000000 00:00 0 
7fb4b9693000-7fb4b9694000 ---p 00000000 00:00 0 
7fb4b9694000-7fb4b97ad000 rw-p 00000000 00:00 0 
7fb4b97ad000-7fb4b9a23000 ---p 00000000 00:00 0 
7fb4b9a23000-7fb4b9a3c000 rw-p 00000000 00:00 0 
7fb4b9a3c000-7fb4b9cb1000 ---p 00000000 00:00 0 
7fb4b9cb1000-7fb4b9d28000 rw-p 00000000 00:00 0 
7fb4b9d28000-7fb4b9df9000 ---p 00000000 00:00 0 
7fb4b9df9000-7fb4b9e13000 rw-p 00000000 00:00 0 
7fb4b9e13000-7fb4ba1ba000 ---p 00000000 00:00 0 
7fb4ba1ba000-7fb4ba1c2000 r-xp 00000000 08:02 11013121                   /usr/lib/jvm/java-8-openjdk-amd64/jre/lib/amd64/libzip.so
7fb4ba1c2000-7fb4ba3c1000 ---p 00008000 08:02 11013121                   /usr/lib/jvm/java-8-openjdk-amd64/jre/lib/amd64/libzip.so
7fb4ba3c1000-7fb4ba3c2000 r--p 00007000 08:02 11013121                   /usr/lib/jvm/java-8-openjdk-amd64/jre/lib/amd64/libzip.so
7fb4ba3c2000-7fb4ba3c3000 rw-p 00008000 08:02 11013121                   /usr/lib/jvm/java-8-openjdk-amd64/jre/lib/amd64/libzip.so
7fb4ba3c3000-7fb4ba3ce000 r-xp 00000000 08:02 21238548                   /lib/x86_64-linux-gnu/libnss_files-2.27.so
7fb4ba3ce000-7fb4ba5cd000 ---p 0000b000 08:02 21238548                   /lib/x86_64-linux-gnu/libnss_files-2.27.so
7fb4ba5cd000-7fb4ba5ce000 r--p 0000a000 08:02 21238548                   /lib/x86_64-linux-gnu/libnss_files-2.27.so
7fb4ba5ce000-7fb4ba5cf000 rw-p 0000b000 08:02 21238548                   /lib/x86_64-linux-gnu/libnss_files-2.27.so
7fb4ba5cf000-7fb4ba5d5000 rw-p 00000000 00:00 0 
7fb4ba5d5000-7fb4ba5ec000 r-xp 00000000 08:02 21238542                   /lib/x86_64-linux-gnu/libnsl-2.27.so
7fb4ba5ec000-7fb4ba7eb000 ---p 00017000 08:02 21238542                   /lib/x86_64-linux-gnu/libnsl-2.27.so
7fb4ba7eb000-7fb4ba7ec000 r--p 00016000 08:02 21238542                   /lib/x86_64-linux-gnu/libnsl-2.27.so
7fb4ba7ec000-7fb4ba7ed000 rw-p 00017000 08:02 21238542                   /lib/x86_64-linux-gnu/libnsl-2.27.so
7fb4ba7ed000-7fb4ba7ef000 rw-p 00000000 00:00 0 
7fb4ba7ef000-7fb4ba7fa000 r-xp 00000000 08:02 21238559                   /lib/x86_64-linux-gnu/libnss_nis-2.27.so
7fb4ba7fa000-7fb4ba9f9000 ---p 0000b000 08:02 21238559                   /lib/x86_64-linux-gnu/libnss_nis-2.27.so
7fb4ba9f9000-7fb4ba9fa000 r--p 0000a000 08:02 21238559                   /lib/x86_64-linux-gnu/libnss_nis-2.27.so
7fb4ba9fa000-7fb4ba9fb000 rw-p 0000b000 08:02 21238559                   /lib/x86_64-linux-gnu/libnss_nis-2.27.so
7fb4ba9fb000-7fb4baa03000 r-xp 00000000 08:02 21238544                   /lib/x86_64-linux-gnu/libnss_compat-2.27.so
7fb4baa03000-7fb4bac03000 ---p 00008000 08:02 21238544                   /lib/x86_64-linux-gnu/libnss_compat-2.27.so
7fb4bac03000-7fb4bac04000 r--p 00008000 08:02 21238544                   /lib/x86_64-linux-gnu/libnss_compat-2.27.so
7fb4bac04000-7fb4bac05000 rw-p 00009000 08:02 21238544                   /lib/x86_64-linux-gnu/libnss_compat-2.27.so
7fb4bac05000-7fb4bac2f000 r-xp 00000000 08:02 11013101                   /usr/lib/jvm/java-8-openjdk-amd64/jre/lib/amd64/libjava.so
7fb4bac2f000-7fb4bae2e000 ---p 0002a000 08:02 11013101                   /usr/lib/jvm/java-8-openjdk-amd64/jre/lib/amd64/libjava.so
7fb4bae2e000-7fb4bae2f000 r--p 00029000 08:02 11013101                   /usr/lib/jvm/java-8-openjdk-amd64/jre/lib/amd64/libjava.so
7fb4bae2f000-7fb4bae31000 rw-p 0002a000 08:02 11013101                   /usr/lib/jvm/java-8-openjdk-amd64/jre/lib/amd64/libjava.so
7fb4bae31000-7fb4bae41000 r-xp 00000000 08:02 11013119                   /usr/lib/jvm/java-8-openjdk-amd64/jre/lib/amd64/libverify.so
7fb4bae41000-7fb4bb040000 ---p 00010000 08:02 11013119                   /usr/lib/jvm/java-8-openjdk-amd64/jre/lib/amd64/libverify.so
7fb4bb040000-7fb4bb042000 r--p 0000f000 08:02 11013119                   /usr/lib/jvm/java-8-openjdk-amd64/jre/lib/amd64/libverify.so
7fb4bb042000-7fb4bb043000 rw-p 00011000 08:02 11013119                   /usr/lib/jvm/java-8-openjdk-amd64/jre/lib/amd64/libverify.so
7fb4bb043000-7fb4bb04a000 r-xp 00000000 08:02 21238599                   /lib/x86_64-linux-gnu/librt-2.27.so
7fb4bb04a000-7fb4bb249000 ---p 00007000 08:02 21238599                   /lib/x86_64-linux-gnu/librt-2.27.so
7fb4bb249000-7fb4bb24a000 r--p 00006000 08:02 21238599                   /lib/x86_64-linux-gnu/librt-2.27.so
7fb4bb24a000-7fb4bb24b000 rw-p 00007000 08:02 21238599                   /lib/x86_64-linux-gnu/librt-2.27.so
7fb4bb24b000-7fb4bb262000 r-xp 00000000 08:02 21233745                   /lib/x86_64-linux-gnu/libgcc_s.so.1
7fb4bb262000-7fb4bb461000 ---p 00017000 08:02 21233745                   /lib/x86_64-linux-gnu/libgcc_s.so.1
7fb4bb461000-7fb4bb462000 r--p 00016000 08:02 21233745                   /lib/x86_64-linux-gnu/libgcc_s.so.1
7fb4bb462000-7fb4bb463000 rw-p 00017000 08:02 21233745                   /lib/x86_64-linux-gnu/libgcc_s.so.1
7fb4bb463000-7fb4bb600000 r-xp 00000000 08:02 21238521                   /lib/x86_64-linux-gnu/libm-2.27.so
7fb4bb600000-7fb4bb7ff000 ---p 0019d000 08:02 21238521                   /lib/x86_64-linux-gnu/libm-2.27.so
7fb4bb7ff000-7fb4bb800000 r--p 0019c000 08:02 21238521                   /lib/x86_64-linux-gnu/libm-2.27.so
7fb4bb800000-7fb4bb801000 rw-p 0019d000 08:02 21238521                   /lib/x86_64-linux-gnu/libm-2.27.so
7fb4bb801000-7fb4bb97a000 r-xp 00000000 08:02 11010636                   /usr/lib/x86_64-linux-gnu/libstdc++.so.6.0.25
7fb4bb97a000-7fb4bbb7a000 ---p 00179000 08:02 11010636                   /usr/lib/x86_64-linux-gnu/libstdc++.so.6.0.25
7fb4bbb7a000-7fb4bbb84000 r--p 00179000 08:02 11010636                   /usr/lib/x86_64-linux-gnu/libstdc++.so.6.0.25
7fb4bbb84000-7fb4bbb86000 rw-p 00183000 08:02 11010636                   /usr/lib/x86_64-linux-gnu/libstdc++.so.6.0.25
7fb4bbb86000-7fb4bbb8a000 rw-p 00000000 00:00 0 
7fb4bbb8a000-7fb4bc829000 r-xp 00000000 08:02 11013124                   /usr/lib/jvm/java-8-openjdk-amd64/jre/lib/amd64/server/libjvm.so
7fb4bc829000-7fb4bca29000 ---p 00c9f000 08:02 11013124                   /usr/lib/jvm/java-8-openjdk-amd64/jre/lib/amd64/server/libjvm.so
7fb4bca29000-7fb4bcabd000 r--p 00c9f000 08:02 11013124                   /usr/lib/jvm/java-8-openjdk-amd64/jre/lib/amd64/server/libjvm.so
7fb4bcabd000-7fb4bcae6000 rw-p 00d33000 08:02 11013124                   /usr/lib/jvm/java-8-openjdk-amd64/jre/lib/amd64/server/libjvm.so
7fb4bcae6000-7fb4bcb16000 rw-p 00000000 00:00 0 
7fb4bcb16000-7fb4bcb30000 r-xp 00000000 08:02 21238591                   /lib/x86_64-linux-gnu/libpthread-2.27.so
7fb4bcb30000-7fb4bcd2f000 ---p 0001a000 08:02 21238591                   /lib/x86_64-linux-gnu/libpthread-2.27.so
7fb4bcd2f000-7fb4bcd30000 r--p 00019000 08:02 21238591                   /lib/x86_64-linux-gnu/libpthread-2.27.so
7fb4bcd30000-7fb4bcd31000 rw-p 0001a000 08:02 21238591                   /lib/x86_64-linux-gnu/libpthread-2.27.so
7fb4bcd31000-7fb4bcd35000 rw-p 00000000 00:00 0 
7fb4bcd35000-7fb4bcd38000 r-xp 00000000 08:02 21238481                   /lib/x86_64-linux-gnu/libdl-2.27.so
7fb4bcd38000-7fb4bcf37000 ---p 00003000 08:02 21238481                   /lib/x86_64-linux-gnu/libdl-2.27.so
7fb4bcf37000-7fb4bcf38000 r--p 00002000 08:02 21238481                   /lib/x86_64-linux-gnu/libdl-2.27.so
7fb4bcf38000-7fb4bcf39000 rw-p 00003000 08:02 21238481                   /lib/x86_64-linux-gnu/libdl-2.27.so
7fb4bcf39000-7fb4bcf55000 r-xp 00000000 08:02 21238630                   /lib/x86_64-linux-gnu/libz.so.1.2.11
7fb4bcf55000-7fb4bd154000 ---p 0001c000 08:02 21238630                   /lib/x86_64-linux-gnu/libz.so.1.2.11
7fb4bd154000-7fb4bd155000 r--p 0001b000 08:02 21238630                   /lib/x86_64-linux-gnu/libz.so.1.2.11
7fb4bd155000-7fb4bd156000 rw-p 0001c000 08:02 21238630                   /lib/x86_64-linux-gnu/libz.so.1.2.11
7fb4bd156000-7fb4bd33d000 r-xp 00000000 08:02 21238458                   /lib/x86_64-linux-gnu/libc-2.27.so
7fb4bd33d000-7fb4bd53d000 ---p 001e7000 08:02 21238458                   /lib/x86_64-linux-gnu/libc-2.27.so
7fb4bd53d000-7fb4bd541000 r--p 001e7000 08:02 21238458                   /lib/x86_64-linux-gnu/libc-2.27.so
7fb4bd541000-7fb4bd543000 rw-p 001eb000 08:02 21238458                   /lib/x86_64-linux-gnu/libc-2.27.so
7fb4bd543000-7fb4bd547000 rw-p 00000000 00:00 0 
7fb4bd547000-7fb4bd555000 r-xp 00000000 08:02 11013087                   /usr/lib/jvm/java-8-openjdk-amd64/jre/lib/amd64/jli/libjli.so
7fb4bd555000-7fb4bd754000 ---p 0000e000 08:02 11013087                   /usr/lib/jvm/java-8-openjdk-amd64/jre/lib/amd64/jli/libjli.so
7fb4bd754000-7fb4bd755000 r--p 0000d000 08:02 11013087                   /usr/lib/jvm/java-8-openjdk-amd64/jre/lib/amd64/jli/libjli.so
7fb4bd755000-7fb4bd756000 rw-p 0000e000 08:02 11013087                   /usr/lib/jvm/java-8-openjdk-amd64/jre/lib/amd64/jli/libjli.so
7fb4bd756000-7fb4bd77d000 r-xp 00000000 08:02 21238430                   /lib/x86_64-linux-gnu/ld-2.27.so
7fb4bd77d000-7fb4bd77e000 r--s 00000000 08:02 4719629                    /home/user/.m2/repository/com/ayusha/android-services-common/0.0.1-SNAPSHOT/android-services-common-0.0.1-SNAPSHOT.jar
7fb4bd77e000-7fb4bd780000 r--s 00003000 08:02 4719089                    /home/user/.m2/repository/org/apache/logging/log4j/log4j-to-slf4j/2.10.0/log4j-to-slf4j-2.10.0.jar
7fb4bd780000-7fb4bd786000 r--s 00041000 08:02 4719085                    /home/user/.m2/repository/ch/qos/logback/logback-classic/1.2.3/logback-classic-1.2.3.jar
7fb4bd786000-7fb4bd787000 r--s 00000000 08:02 4719083                    /home/user/.m2/repository/org/springframework/boot/spring-boot-starter-logging/2.0.1.RELEASE/spring-boot-starter-logging-2.0.1.RELEASE.jar
7fb4bd787000-7fb4bd788000 r--s 00000000 08:02 4719081                    /home/user/.m2/repository/org/springframework/boot/spring-boot-starter/2.0.1.RELEASE/spring-boot-starter-2.0.1.RELEASE.jar
7fb4bd788000-7fb4bd789000 r--s 00000000 08:02 10880805                   /home/user/.m2/repository/org/springframework/boot/spring-boot-starter-mail/2.0.1.RELEASE/spring-boot-starter-mail-2.0.1.RELEASE.jar
7fb4bd789000-7fb4bd78a000 r--s 00010000 08:02 11013296                   /usr/lib/jvm/java-8-openjdk-amd64/jre/lib/ext/zipfs.jar
7fb4bd78a000-7fb4bd78f000 r--s 0003c000 08:02 11013294                   /usr/lib/jvm/java-8-openjdk-amd64/jre/lib/ext/sunjce_provider.jar
7fb4bd78f000-7fb4bd790000 r--s 0000a000 08:02 11013149                   /usr/lib/jvm/java-8-openjdk-amd64/jre/lib/ext/jaccess.jar
7fb4bd790000-7fb4bd793000 r--s 0000f000 08:02 11013148                   /usr/lib/jvm/java-8-openjdk-amd64/jre/lib/ext/icedtea-sound.jar
7fb4bd793000-7fb4bd796000 r--s 00039000 08:02 11013295                   /usr/lib/jvm/java-8-openjdk-amd64/jre/lib/ext/sunpkcs11.jar
7fb4bd796000-7fb4bd797000 r--s 0000d000 08:02 11013278                   /usr/lib/jvm/java-8-openjdk-amd64/jre/lib/ext/sunec.jar
7fb4bd797000-7fb4bd862000 rw-p 00000000 00:00 0 
7fb4bd862000-7fb4bd863000 ---p 00000000 00:00 0 
7fb4bd863000-7fb4bd866000 ---p 00000000 00:00 0 
7fb4bd866000-7fb4bd965000 rw-p 00000000 00:00 0 
7fb4bd965000-7fb4bd967000 r--s 00001000 08:02 11013147                   /usr/lib/jvm/java-8-openjdk-amd64/jre/lib/ext/dnsns.jar
7fb4bd967000-7fb4bd971000 r--s 00116000 08:02 11013182                   /usr/lib/jvm/java-8-openjdk-amd64/jre/lib/ext/localedata.jar
7fb4bd971000-7fb4bd979000 rw-s 00000000 08:02 17701015                   /tmp/hsperfdata_user/23468
7fb4bd979000-7fb4bd97a000 rw-p 00000000 00:00 0 
7fb4bd97a000-7fb4bd97b000 ---p 00000000 00:00 0 
7fb4bd97b000-7fb4bd97d000 rw-p 00000000 00:00 0 
7fb4bd97d000-7fb4bd97e000 r--p 00027000 08:02 21238430                   /lib/x86_64-linux-gnu/ld-2.27.so
7fb4bd97e000-7fb4bd97f000 rw-p 00028000 08:02 21238430                   /lib/x86_64-linux-gnu/ld-2.27.so
7fb4bd97f000-7fb4bd980000 rw-p 00000000 00:00 0 
7ffe6c95c000-7ffe6c980000 rw-p 00000000 00:00 0                          [stack]
7ffe6c991000-7ffe6c994000 r--p 00000000 00:00 0                          [vvar]
7ffe6c994000-7ffe6c995000 r-xp 00000000 00:00 0                          [vdso]
ffffffffff600000-ffffffffff601000 r-xp 00000000 00:00 0                  [vsyscall]

VM Arguments:
jvm_args: -Dcom.sun.management.jmxremote -Dcom.sun.management.jmxremote.port=37661 -Dcom.sun.management.jmxremote.authenticate=false -Dcom.sun.management.jmxremote.ssl=false -Djava.rmi.server.hostname=localhost -Dspring.jmx.enabled=true -Dspring.application.admin.enabled=true -Djava.security.egd=file:/dev/./urandom -Xverify:none -XX:TieredStopAtLevel=1 -Dfile.encoding=UTF-8 
java_command: com.ayusha.communication.CommunicationServicesApp --spring.output.ansi.enabled=always
java_class_path (initial): /home/user/Documents/swathi code/Java-services-code/communication/services-communication/target/classes:/home/user/.m2/repository/org/springframework/boot/spring-boot-starter-mail/2.0.1.RELEASE/spring-boot-starter-mail-2.0.1.RELEASE.jar:/home/user/.m2/repository/org/springframework/boot/spring-boot-starter/2.0.1.RELEASE/spring-boot-starter-2.0.1.RELEASE.jar:/home/user/.m2/repository/org/springframework/boot/spring-boot-starter-logging/2.0.1.RELEASE/spring-boot-starter-logging-2.0.1.RELEASE.jar:/home/user/.m2/repository/ch/qos/logback/logback-classic/1.2.3/logback-classic-1.2.3.jar:/home/user/.m2/repository/ch/qos/logback/logback-core/1.2.3/logback-core-1.2.3.jar:/home/user/.m2/repository/org/apache/logging/log4j/log4j-to-slf4j/2.10.0/log4j-to-slf4j-2.10.0.jar:/home/user/.m2/repository/org/apache/logging/log4j/log4j-api/2.10.0/log4j-api-2.10.0.jar:/home/user/.m2/repository/org/slf4j/jul-to-slf4j/1.7.25/jul-to-slf4j-1.7.25.jar:/home/user/.m2/repository/javax/annotation/javax.annotation-api/1.3.2/javax.annotation-api-1.3.2.jar:/home/user/.m2/repository/org/springframework/spring-core/5.0.5.RELEASE/spring-core-5.0.5.RELEASE.jar:/home/user/.m2/repository/org/springframework/spring-jcl/5.0.5.RELEASE/spring-jcl-5.0.5.RELEASE.jar:/home/user/.m2/repository/org/yaml/snakeyaml/1.19/snakeyaml-1.19.jar:/home/user/.m2/repository/org/springframework/spring-context/5.0.5.RELEASE/spring-context-5.0.5.RELEASE.jar:/home/user/.m2/repository/org/springframework/spring-aop/5.0.5.RELEASE/spring-aop-5.0.5.RELEASE.jar:/home/user/.m2/repository/org/springframework/spring-beans/5.0.5.RELEASE/spring-beans-5.0.5.RELEASE.jar:/home/user/.m2/repository/org/springframework/spring-expression/5.0.5.RELEASE/spring-expression-5.0.5.RELEASE.jar:/home/user/.m2/repository/org/springframework/spring-context-support/5.0.5.RELEASE/spring-context-support-5.0.5.RELEASE.jar:/home/user/.m2/repository/com/sun/mail/javax.mail/1.6.1/javax.mail-1.6.1.jar:/home/user/Documents/swathi code/
Launcher Type: SUN_STANDARD

Environment Variables:
PATH=/usr/local/sbin:/usr/local/bin:/usr/sbin:/usr/bin:/sbin:/bin:/usr/games:/usr/local/games:/snap/bin
USERNAME=user
SHELL=/bin/bash
DISPLAY=:0

Signal Handlers:
SIGSEGV: [libjvm.so+0xab92f0], sa_mask[0]=11111111011111111101111111111110, sa_flags=SA_RESTART|SA_SIGINFO
SIGBUS: [libjvm.so+0xab92f0], sa_mask[0]=11111111011111111101111111111110, sa_flags=SA_RESTART|SA_SIGINFO
SIGFPE: [libjvm.so+0x8ee560], sa_mask[0]=11111111011111111101111111111110, sa_flags=SA_RESTART|SA_SIGINFO
SIGPIPE: [libjvm.so+0x8ee560], sa_mask[0]=11111111011111111101111111111110, sa_flags=SA_RESTART|SA_SIGINFO
SIGXFSZ: [libjvm.so+0x8ee560], sa_mask[0]=11111111011111111101111111111110, sa_flags=SA_RESTART|SA_SIGINFO
SIGILL: [libjvm.so+0x8ee560], sa_mask[0]=11111111011111111101111111111110, sa_flags=SA_RESTART|SA_SIGINFO
SIGUSR1: SIG_DFL, sa_mask[0]=00000000000000000000000000000000, sa_flags=none
SIGUSR2: [libjvm.so+0x8ee410], sa_mask[0]=00100000000000000000000000000000, sa_flags=SA_RESTART|SA_SIGINFO
SIGHUP: [libjvm.so+0x8eea80], sa_mask[0]=11111111011111111101111111111110, sa_flags=SA_RESTART|SA_SIGINFO
SIGINT: [libjvm.so+0x8eea80], sa_mask[0]=11111111011111111101111111111110, sa_flags=SA_RESTART|SA_SIGINFO
SIGTERM: [libjvm.so+0x8eea80], sa_mask[0]=11111111011111111101111111111110, sa_flags=SA_RESTART|SA_SIGINFO
SIGQUIT: [libjvm.so+0x8eea80], sa_mask[0]=11111111011111111101111111111110, sa_flags=SA_RESTART|SA_SIGINFO


---------------  S Y S T E M  ---------------

OS:DISTRIB_ID=Ubuntu
DISTRIB_RELEASE=18.04
DISTRIB_CODENAME=bionic
DISTRIB_DESCRIPTION="Ubuntu 18.04.3 LTS"

uname:Linux 5.0.0-31-generic #33~18.04.1-Ubuntu SMP Tue Oct 1 10:20:39 UTC 2019 x86_64
libc:glibc 2.27 NPTL 2.27 
rlimit: STACK 8192k, CORE 0k, NPROC 31220, NOFILE 4096, AS infinity
load average:1.60 0.59 0.48

/proc/meminfo:
MemTotal:        8040192 kB
MemFree:          108128 kB
MemAvailable:      26144 kB
Buffers:            1752 kB
Cached:           649196 kB
SwapCached:        15692 kB
Active:          6701816 kB
Inactive:         860424 kB
Active(anon):    6682748 kB
Inactive(anon):   835428 kB
Active(file):      19068 kB
Inactive(file):    24996 kB
Unevictable:         432 kB
Mlocked:              72 kB
SwapTotal:       2097148 kB
SwapFree:              0 kB
Dirty:                92 kB
Writeback:             0 kB
AnonPages:       6897340 kB
Mapped:           197112 kB
Shmem:            605992 kB
KReclaimable:      61420 kB
Slab:             144160 kB
SReclaimable:      61420 kB
SUnreclaim:        82740 kB
KernelStack:       32448 kB
PageTables:        99556 kB
NFS_Unstable:          0 kB
Bounce:                0 kB
WritebackTmp:          0 kB
CommitLimit:     6117244 kB
Committed_AS:   19547308 kB
VmallocTotal:   34359738367 kB
VmallocUsed:           0 kB
VmallocChunk:          0 kB
Percpu:             2752 kB
HardwareCorrupted:     0 kB
AnonHugePages:         0 kB
ShmemHugePages:        0 kB
ShmemPmdMapped:        0 kB
CmaTotal:              0 kB
CmaFree:               0 kB
HugePages_Total:       0
HugePages_Free:        0
HugePages_Rsvd:        0
HugePages_Surp:        0
Hugepagesize:       2048 kB
Hugetlb:               0 kB
DirectMap4k:      277216 kB
DirectMap2M:     7987200 kB
DirectMap1G:     1048576 kB

container (cgroup) information:
container_type: cgroupv1
cpu_cpuset_cpus: 0-7
cpu_memory_nodes: 0
active_processor_count: 8
cpu_quota: -1
cpu_period: 100000
cpu_shares: -1
memory_limit_in_bytes: -1
memory_and_swap_limit_in_bytes: -2
memory_soft_limit_in_bytes: -1
memory_usage_in_bytes: 7740796928
memory_max_usage_in_bytes: 365395968


CPU:total 8 (initial active 8) (4 cores per cpu, 2 threads per core) family 6 model 60 stepping 3, cmov, cx8, fxsr, mmx, sse, sse2, sse3, ssse3, sse4.1, sse4.2, popcnt, avx, avx2, aes, clmul, erms, lzcnt, ht, tsc, tscinvbit, bmi1, bmi2

/proc/cpuinfo:
processor	: 0
vendor_id	: GenuineIntel
cpu family	: 6
model		: 60
model name	: Intel(R) Core(TM) i7-4710MQ CPU @ 2.50GHz
stepping	: 3
microcode	: 0x27
cpu MHz		: 3330.125
cache size	: 6144 KB
physical id	: 0
siblings	: 8
core id		: 0
cpu cores	: 4
apicid		: 0
initial apicid	: 0
fpu		: yes
fpu_exception	: yes
cpuid level	: 13
wp		: yes
flags		: fpu vme de pse tsc msr pae mce cx8 apic sep mtrr pge mca cmov pat pse36 clflush dts acpi mmx fxsr sse sse2 ss ht tm pbe syscall nx pdpe1gb rdtscp lm constant_tsc arch_perfmon pebs bts rep_good nopl xtopology nonstop_tsc cpuid aperfmperf pni pclmulqdq dtes64 monitor ds_cpl vmx est tm2 ssse3 sdbg fma cx16 xtpr pdcm pcid sse4_1 sse4_2 movbe popcnt tsc_deadline_timer aes xsave avx f16c rdrand lahf_lm abm cpuid_fault epb invpcid_single pti ssbd ibrs ibpb stibp tpr_shadow vnmi flexpriority ept vpid ept_ad fsgsbase tsc_adjust bmi1 avx2 smep bmi2 erms invpcid xsaveopt dtherm ida arat pln pts md_clear flush_l1d
bugs		: cpu_meltdown spectre_v1 spectre_v2 spec_store_bypass l1tf mds swapgs
bogomips	: 4988.89
clflush size	: 64
cache_alignment	: 64
address sizes	: 39 bits physical, 48 bits virtual
power management:

processor	: 1
vendor_id	: GenuineIntel
cpu family	: 6
model		: 60
model name	: Intel(R) Core(TM) i7-4710MQ CPU @ 2.50GHz
stepping	: 3
microcode	: 0x27
cpu MHz		: 3336.149
cache size	: 6144 KB
physical id	: 0
siblings	: 8
core id		: 0
cpu cores	: 4
apicid		: 1
initial apicid	: 1
fpu		: yes
fpu_exception	: yes
cpuid level	: 13
wp		: yes
flags		: fpu vme de pse tsc msr pae mce cx8 apic sep mtrr pge mca cmov pat pse36 clflush dts acpi mmx fxsr sse sse2 ss ht tm pbe syscall nx pdpe1gb rdtscp lm constant_tsc arch_perfmon pebs bts rep_good nopl xtopology nonstop_tsc cpuid aperfmperf pni pclmulqdq dtes64 monitor ds_cpl vmx est tm2 ssse3 sdbg fma cx16 xtpr pdcm pcid sse4_1 sse4_2 movbe popcnt tsc_deadline_timer aes xsave avx f16c rdrand lahf_lm abm cpuid_fault epb invpcid_single pti ssbd ibrs ibpb stibp tpr_shadow vnmi flexpriority ept vpid ept_ad fsgsbase tsc_adjust bmi1 avx2 smep bmi2 erms invpcid xsaveopt dtherm ida arat pln pts md_clear flush_l1d
bugs		: cpu_meltdown spectre_v1 spectre_v2 spec_store_bypass l1tf mds swapgs
bogomips	: 4988.89
clflush size	: 64
cache_alignment	: 64
address sizes	: 39 bits physical, 48 bits virtual
power management:

processor	: 2
vendor_id	: GenuineIntel
cpu family	: 6
model		: 60
model name	: Intel(R) Core(TM) i7-4710MQ CPU @ 2.50GHz
stepping	: 3
microcode	: 0x27
cpu MHz		: 3294.057
cache size	: 6144 KB
physical id	: 0
siblings	: 8
core id		: 1
cpu cores	: 4
apicid		: 2
initial apicid	: 2
fpu		: yes
fpu_exception	: yes
cpuid level	: 13
wp		: yes
flags		: fpu vme de pse tsc msr pae mce cx8 apic sep mtrr pge mca cmov pat pse36 clflush dts acpi mmx fxsr sse sse2 ss ht tm pbe syscall nx pdpe1gb rdtscp lm constant_tsc arch_perfmon pebs bts rep_good nopl xtopology nonstop_tsc cpuid aperfmperf pni pclmulqdq dtes64 monitor ds_cpl vmx est tm2 ssse3 sdbg fma cx16 xtpr pdcm pcid sse4_1 sse4_2 movbe popcnt tsc_deadline_timer aes xsave avx f16c rdrand lahf_lm abm cpuid_fault epb invpcid_single pti ssbd ibrs ibpb stibp tpr_shadow vnmi flexpriority ept vpid ept_ad fsgsbase tsc_adjust bmi1 avx2 smep bmi2 erms invpcid xsaveopt dtherm ida arat pln pts md_clear flush_l1d
bugs		: cpu_meltdown spectre_v1 spectre_v2 spec_store_bypass l1tf mds swapgs
bogomips	: 4988.89
clflush size	: 64
cache_alignment	: 64
address sizes	: 39 bits physical, 48 bits virtual
power management:

processor	: 3
vendor_id	: GenuineIntel
cpu family	: 6
model		: 60
model name	: Intel(R) Core(TM) i7-4710MQ CPU @ 2.50GHz
stepping	: 3
microcode	: 0x27
cpu MHz		: 3292.684
cache size	: 6144 KB
physical id	: 0
siblings	: 8
core id		: 1
cpu cores	: 4
apicid		: 3
initial apicid	: 3
fpu		: yes
fpu_exception	: yes
cpuid level	: 13
wp		: yes
flags		: fpu vme de pse tsc msr pae mce cx8 apic sep mtrr pge mca cmov pat pse36 clflush dts acpi mmx fxsr sse sse2 ss ht tm pbe syscall nx pdpe1gb rdtscp lm constant_tsc arch_perfmon pebs bts rep_good nopl xtopology nonstop_tsc cpuid aperfmperf pni pclmulqdq dtes64 monitor ds_cpl vmx est tm2 ssse3 sdbg fma cx16 xtpr pdcm pcid sse4_1 sse4_2 movbe popcnt tsc_deadline_timer aes xsave avx f16c rdrand lahf_lm abm cpuid_fault epb invpcid_single pti ssbd ibrs ibpb stibp tpr_shadow vnmi flexpriority ept vpid ept_ad fsgsbase tsc_adjust bmi1 avx2 smep bmi2 erms invpcid xsaveopt dtherm ida arat pln pts md_clear flush_l1d
bugs		: cpu_meltdown spectre_v1 spectre_v2 spec_store_bypass l1tf mds swapgs
bogomips	: 4988.89
clflush size	: 64
cache_alignment	: 64
address sizes	: 39 bits physical, 48 bits virtual
power management:

processor	: 4
vendor_id	: GenuineIntel
cpu family	: 6
model		: 60
model name	: Intel(R) Core(TM) i7-4710MQ CPU @ 2.50GHz
stepping	: 3
microcode	: 0x27
cpu MHz		: 3295.111
cache size	: 6144 KB
physical id	: 0
siblings	: 8
core id		: 2
cpu cores	: 4
apicid		: 4
initial apicid	: 4
fpu		: yes
fpu_exception	: yes
cpuid level	: 13
wp		: yes
flags		: fpu vme de pse tsc msr pae mce cx8 apic sep mtrr pge mca cmov pat pse36 clflush dts acpi mmx fxsr sse sse2 ss ht tm pbe syscall nx pdpe1gb rdtscp lm constant_tsc arch_perfmon pebs bts rep_good nopl xtopology nonstop_tsc cpuid aperfmperf pni pclmulqdq dtes64 monitor ds_cpl vmx est tm2 ssse3 sdbg fma cx16 xtpr pdcm pcid sse4_1 sse4_2 movbe popcnt tsc_deadline_timer aes xsave avx f16c rdrand lahf_lm abm cpuid_fault epb invpcid_single pti ssbd ibrs ibpb stibp tpr_shadow vnmi flexpriority ept vpid ept_ad fsgsbase tsc_adjust bmi1 avx2 smep bmi2 erms invpcid xsaveopt dtherm ida arat pln pts md_clear flush_l1d
bugs		: cpu_meltdown spectre_v1 spectre_v2 spec_store_bypass l1tf mds swapgs
bogomips	: 4988.89
clflush size	: 64
cache_alignment	: 64
address sizes	: 39 bits physical, 48 bits virtual
power management:

processor	: 5
vendor_id	: GenuineIntel
cpu family	: 6
model		: 60
model name	: Intel(R) Core(TM) i7-4710MQ CPU @ 2.50GHz
stepping	: 3
microcode	: 0x27
cpu MHz		: 3292.804
cache size	: 6144 KB
physical id	: 0
siblings	: 8
core id		: 2
cpu cores	: 4
apicid		: 5
initial apicid	: 5
fpu		: yes
fpu_exception	: yes
cpuid level	: 13
wp		: yes
flags		: fpu vme de pse tsc msr pae mce cx8 apic sep mtrr pge mca cmov pat pse36 clflush dts acpi mmx fxsr sse sse2 ss ht tm pbe syscall nx pdpe1gb rdtscp lm constant_tsc arch_perfmon pebs bts rep_good nopl xtopology nonstop_tsc cpuid aperfmperf pni pclmulqdq dtes64 monitor ds_cpl vmx est tm2 ssse3 sdbg fma cx16 xtpr pdcm pcid sse4_1 sse4_2 movbe popcnt tsc_deadline_timer aes xsave avx f16c rdrand lahf_lm abm cpuid_fault epb invpcid_single pti ssbd ibrs ibpb stibp tpr_shadow vnmi flexpriority ept vpid ept_ad fsgsbase tsc_adjust bmi1 avx2 smep bmi2 erms invpcid xsaveopt dtherm ida arat pln pts md_clear flush_l1d
bugs		: cpu_meltdown spectre_v1 spectre_v2 spec_store_bypass l1tf mds swapgs
bogomips	: 4988.89
clflush size	: 64
cache_alignment	: 64
address sizes	: 39 bits physical, 48 bits virtual
power management:

processor	: 6
vendor_id	: GenuineIntel
cpu family	: 6
model		: 60
model name	: Intel(R) Core(TM) i7-4710MQ CPU @ 2.50GHz
stepping	: 3
microcode	: 0x27
cpu MHz		: 3327.747
cache size	: 6144 KB
physical id	: 0
siblings	: 8
core id		: 3
cpu cores	: 4
apicid		: 6
initial apicid	: 6
fpu		: yes
fpu_exception	: yes
cpuid level	: 13
wp		: yes
flags		: fpu vme de pse tsc msr pae mce cx8 apic sep mtrr pge mca cmov pat pse36 clflush dts acpi mmx fxsr sse sse2 ss ht tm pbe syscall nx pdpe1gb rdtscp lm constant_tsc arch_perfmon pebs bts rep_good nopl xtopology nonstop_tsc cpuid aperfmperf pni pclmulqdq dtes64 monitor ds_cpl vmx est tm2 ssse3 sdbg fma cx16 xtpr pdcm pcid sse4_1 sse4_2 movbe popcnt tsc_deadline_timer aes xsave avx f16c rdrand lahf_lm abm cpuid_fault epb invpcid_single pti ssbd ibrs ibpb stibp tpr_shadow vnmi flexpriority ept vpid ept_ad fsgsbase tsc_adjust bmi1 avx2 smep bmi2 erms invpcid xsaveopt dtherm ida arat pln pts md_clear flush_l1d
bugs		: cpu_meltdown spectre_v1 spectre_v2 spec_store_bypass l1tf mds swapgs
bogomips	: 4988.89
clflush size	: 64
cache_alignment	: 64
address sizes	: 39 bits physical, 48 bits virtual
power management:

processor	: 7
vendor_id	: GenuineIntel
cpu family	: 6
model		: 60
model name	: Intel(R) Core(TM) i7-4710MQ CPU @ 2.50GHz
stepping	: 3
microcode	: 0x27
cpu MHz		: 3322.772
cache size	: 6144 KB
physical id	: 0
siblings	: 8
core id		: 3
cpu cores	: 4
apicid		: 7
initial apicid	: 7
fpu		: yes
fpu_exception	: yes
cpuid level	: 13
wp		: yes
flags		: fpu vme de pse tsc msr pae mce cx8 apic sep mtrr pge mca cmov pat pse36 clflush dts acpi mmx fxsr sse sse2 ss ht tm pbe syscall nx pdpe1gb rdtscp lm constant_tsc arch_perfmon pebs bts rep_good nopl xtopology nonstop_tsc cpuid aperfmperf pni pclmulqdq dtes64 monitor ds_cpl vmx est tm2 ssse3 sdbg fma cx16 xtpr pdcm pcid sse4_1 sse4_2 movbe popcnt tsc_deadline_timer aes xsave avx f16c rdrand lahf_lm abm cpuid_fault epb invpcid_single pti ssbd ibrs ibpb stibp tpr_shadow vnmi flexpriority ept vpid ept_ad fsgsbase tsc_adjust bmi1 avx2 smep bmi2 erms invpcid xsaveopt dtherm ida arat pln pts md_clear flush_l1d
bugs		: cpu_meltdown spectre_v1 spectre_v2 spec_store_bypass l1tf mds swapgs
bogomips	: 4988.89
clflush size	: 64
cache_alignment	: 64
address sizes	: 39 bits physical, 48 bits virtual
power management:



Memory: 4k page, physical 8040192k(111152k free), swap 2097148k(0k free)

vm_info: OpenJDK 64-Bit Server VM (25.222-b10) for linux-amd64 JRE (1.8.0_222-8u222-b10-1ubuntu1~18.04.1-b10), built on Jul 18 2019 18:52:48 by "buildd" with gcc 7.4.0

time: Thu Dec  5 13:49:44 2019
timezone: IST
elapsed time: 6 seconds (0d 0h 0m 6s)

